{
  "stats": {
    "suites": 1,
    "tests": 4,
    "passes": 4,
    "pending": 0,
    "failures": 0,
    "start": "2025-07-07T03:39:27.177Z",
    "end": "2025-07-07T03:39:33.009Z",
    "duration": 5832,
    "testsRegistered": 4,
    "passPercent": 100,
    "pendingPercent": 0,
    "other": 0,
    "hasOther": false,
    "skipped": 0,
    "hasSkipped": false
  },
  "results": [
    {
      "uuid": "338bbcdd-f701-4ee9-8f62-e60ca3c576a9",
      "title": "",
      "fullFile": "cypress/e2e/signup.spec.ts",
      "file": "cypress/e2e/signup.spec.ts",
      "beforeHooks": [],
      "afterHooks": [],
      "tests": [],
      "suites": [
        {
          "uuid": "f5b4b9f8-a9cf-4c39-931f-8b328734ff3a",
          "title": "Signup Flow UI Tests",
          "fullFile": "",
          "file": "",
          "beforeHooks": [],
          "afterHooks": [],
          "tests": [
            {
              "title": "TC01: Should load the signup page",
              "fullTitle": "Signup Flow UI Tests TC01: Should load the signup page",
              "timedOut": null,
              "duration": 660,
              "state": "passed",
              "speed": "fast",
              "pass": true,
              "fail": false,
              "pending": false,
              "context": null,
              "code": "cy.url().should('include', '/signup');\ncy.title().should('include', 'nesto');\nsignupPage.firstName().should('exist');\nsignupPage.lastName().should('exist');\nsignupPage.email().should('exist');\nsignupPage.phone().should('exist');\nsignupPage.password().should('exist');\nsignupPage.confirmPassword().should('exist');\nsignupPage.submitBtn().should('exist');",
              "err": {},
              "uuid": "1e03565c-8a7b-46f5-958f-e32dd0a9b443",
              "parentUUID": "f5b4b9f8-a9cf-4c39-931f-8b328734ff3a",
              "isHook": false,
              "skipped": false
            },
            {
              "title": "TC02: Should show validation errors when submitting empty form",
              "fullTitle": "Signup Flow UI Tests TC02: Should show validation errors when submitting empty form",
              "timedOut": null,
              "duration": 595,
              "state": "passed",
              "speed": "fast",
              "pass": true,
              "fail": false,
              "pending": false,
              "context": null,
              "code": "signupPage.submit();\nsignupPage.formErrorFirstName().should('contain', 'Required');\nsignupPage.formErrorlastName().should('contain', 'Required');\nsignupPage.formErrorEmail().should('contain', 'Required');\nsignupPage.formErrorPhone().should('contain', 'Required');\nsignupPage.formErrorPassword().should('contain', 'Required');\nsignupPage.formErrorConfirmPassword().should('contain', 'Required');",
              "err": {},
              "uuid": "22e350ef-55c1-402a-bac4-a9df494d75cc",
              "parentUUID": "f5b4b9f8-a9cf-4c39-931f-8b328734ff3a",
              "isHook": false,
              "skipped": false
            },
            {
              "title": "TC03: Should validate email format",
              "fullTitle": "Signup Flow UI Tests TC03: Should validate email format",
              "timedOut": null,
              "duration": 953,
              "state": "passed",
              "speed": "fast",
              "pass": true,
              "fail": false,
              "pending": false,
              "context": null,
              "code": "signupPage.email().type('bad-email');\nsignupPage.password().type('short');\nsignupPage.submit();\nsignupPage.errorMessageEmail().should('have.text', 'Invalid email address');",
              "err": {},
              "uuid": "ef065888-1992-4923-86fd-296877aaffc8",
              "parentUUID": "f5b4b9f8-a9cf-4c39-931f-8b328734ff3a",
              "isHook": false,
              "skipped": false
            },
            {
              "title": "TC04: Should successfully sign up a new user",
              "fullTitle": "Signup Flow UI Tests TC04: Should successfully sign up a new user",
              "timedOut": null,
              "duration": 3386,
              "state": "passed",
              "speed": "fast",
              "pass": true,
              "fail": false,
              "pending": false,
              "context": null,
              "code": "cy.fixture('user-template').then((template) => {\n    const user = (0, utils_1.generateUniqueUser)(template);\n    expect(user, 'user test data is defined').to.not.be.undefined;\n    signupPage.fillForm(user);\n    cy.intercept('POST', '/api/accounts').as('createAccount');\n    signupPage.submit();\n    cy.wait('@createAccount');\n    cy.url().should('include', '/getaquote');\n    getaquote.logoutBtn().should('exist');\n    getaquote.pageTile().should('exist');\n});",
              "err": {},
              "uuid": "f298fcd0-d42b-4346-8d5d-1556259bdfd9",
              "parentUUID": "f5b4b9f8-a9cf-4c39-931f-8b328734ff3a",
              "isHook": false,
              "skipped": false
            }
          ],
          "suites": [],
          "passes": [
            "1e03565c-8a7b-46f5-958f-e32dd0a9b443",
            "22e350ef-55c1-402a-bac4-a9df494d75cc",
            "ef065888-1992-4923-86fd-296877aaffc8",
            "f298fcd0-d42b-4346-8d5d-1556259bdfd9"
          ],
          "failures": [],
          "pending": [],
          "skipped": [],
          "duration": 5594,
          "root": false,
          "rootEmpty": false,
          "_timeout": 2000
        }
      ],
      "passes": [],
      "failures": [],
      "pending": [],
      "skipped": [],
      "duration": 0,
      "root": true,
      "rootEmpty": true,
      "_timeout": 2000
    }
  ],
  "meta": {
    "mocha": {
      "version": "7.2.0"
    },
    "mochawesome": {
      "options": {
        "quiet": true,
        "reportFilename": "mochawesome",
        "saveHtml": true,
        "saveJson": true,
        "consoleReporter": "spec",
        "useInlineDiffs": false,
        "code": true
      },
      "version": "7.1.3"
    },
    "marge": {
      "options": {
        "reportDir": "cypress/reports/mochawesome",
        "overwrite": false,
        "html": true,
        "json": true,
        "quiet": true,
        "timestamp": "mmddyyyy_HHMMss",
        "inlineAssets": true
      },
      "version": "6.2.0"
    }
  }
}