{
  "stats": {
    "suites": 1,
    "tests": 4,
    "passes": 3,
    "pending": 0,
    "failures": 1,
    "start": "2025-07-06T19:50:16.044Z",
    "end": "2025-07-06T19:50:54.288Z",
    "duration": 38244,
    "testsRegistered": 4,
    "passPercent": 75,
    "pendingPercent": 0,
    "other": 0,
    "hasOther": false,
    "skipped": 0,
    "hasSkipped": false
  },
  "results": [
    {
      "uuid": "2574be6f-7473-402a-a5b4-43598b5033a1",
      "title": "",
      "fullFile": "cypress/e2e/signup.spec.ts",
      "file": "cypress/e2e/signup.spec.ts",
      "beforeHooks": [],
      "afterHooks": [],
      "tests": [],
      "suites": [
        {
          "uuid": "26c34567-a249-4d06-bb47-85cf2a75dfc5",
          "title": "UI Signup Flow (Page Object Pattern)",
          "fullFile": "",
          "file": "",
          "beforeHooks": [],
          "afterHooks": [],
          "tests": [
            {
              "title": "should load the signup page",
              "fullTitle": "UI Signup Flow (Page Object Pattern) should load the signup page",
              "timedOut": null,
              "duration": 770,
              "state": "passed",
              "speed": "fast",
              "pass": true,
              "fail": false,
              "pending": false,
              "context": null,
              "code": "cy.url().should('include', '/signup');\ncy.title().should('include', 'nesto');\nsignupPage.firstName().should('exist');\nsignupPage.lastName().should('exist');\nsignupPage.email().should('exist');\nsignupPage.phone().should('exist');\nsignupPage.password().should('exist');\nsignupPage.confirmPassword().should('exist');\nsignupPage.submitBtn().should('exist');",
              "err": {},
              "uuid": "24851a14-a7f7-405a-9464-40e2ebe58949",
              "parentUUID": "26c34567-a249-4d06-bb47-85cf2a75dfc5",
              "isHook": false,
              "skipped": false
            },
            {
              "title": "should show validation errors when submitting empty form",
              "fullTitle": "UI Signup Flow (Page Object Pattern) should show validation errors when submitting empty form",
              "timedOut": null,
              "duration": 707,
              "state": "passed",
              "speed": "fast",
              "pass": true,
              "fail": false,
              "pending": false,
              "context": null,
              "code": "signupPage.submit();\nsignupPage.formErrorFirstName().should('contain', 'Required');\nsignupPage.formErrorlastName().should('contain', 'Required');\nsignupPage.formErrorEmail().should('contain', 'Required');\nsignupPage.formErrorPhone().should('contain', 'Required');\nsignupPage.formErrorPassword().should('contain', 'Required');\nsignupPage.formErrorConfirmPassword().should('contain', 'Required');",
              "err": {},
              "uuid": "2acd1f78-c4fe-4002-984b-9618165faaa9",
              "parentUUID": "26c34567-a249-4d06-bb47-85cf2a75dfc5",
              "isHook": false,
              "skipped": false
            },
            {
              "title": "should validate email format",
              "fullTitle": "UI Signup Flow (Page Object Pattern) should validate email format",
              "timedOut": null,
              "duration": 1092,
              "state": "passed",
              "speed": "fast",
              "pass": true,
              "fail": false,
              "pending": false,
              "context": null,
              "code": "signupPage.email().type('bad-email');\nsignupPage.password().type('short');\nsignupPage.submit();\nsignupPage.errorMessageEmail().should('have.text', 'Invalid email address');",
              "err": {},
              "uuid": "9f0480d7-f0c2-4736-a867-d9f30dc45e65",
              "parentUUID": "26c34567-a249-4d06-bb47-85cf2a75dfc5",
              "isHook": false,
              "skipped": false
            },
            {
              "title": "should successfully sign up a new user",
              "fullTitle": "UI Signup Flow (Page Object Pattern) should successfully sign up a new user",
              "timedOut": null,
              "duration": 11811,
              "state": "failed",
              "speed": null,
              "pass": false,
              "fail": true,
              "pending": false,
              "context": null,
              "code": "cy.fixture('user-template').then((template) => {\n    const user = (0, utils_1.generateUniqueUser)(template);\n    expect(user, 'user test data is defined').to.not.be.undefined;\n    signupPage.fillForm(user);\n    signupPage.submit();\n    cy.intercept('POST', '/api/accounts').as('createAccount');\n    signupPage.submit();\n    cy.wait('@createAccount');\n    cy.url().should('include', '/application/selection');\n    applicationSelectionPage.mortgage().should('exist');\n    applicationSelectionPage.refinance().should('exist');\n    applicationSelectionPage.renewal().should('exist');\n    applicationSelectionPage.verifyPageTitle('nesto');\n});",
              "err": {
                "message": "AssertionError: Timed out retrying after 8000ms: expected 'https://app.qa.nesto.ca/signup' to include '/application/selection'",
                "estack": "AssertionError: Timed out retrying after 8000ms: expected 'https://app.qa.nesto.ca/signup' to include '/application/selection'\n    at Context.eval (webpack:///./cypress/e2e/signup.spec.ts:58:15)\n    at getRet (https://app.qa.nesto.ca/__cypress/runner/cypress_runner.js:120949:20)\n    at tryCatcher (https://app.qa.nesto.ca/__cypress/runner/cypress_runner.js:1777:23)\n    at Promise.attempt.Promise.try (https://app.qa.nesto.ca/__cypress/runner/cypress_runner.js:4285:29)\n    at Context.thenFn (https://app.qa.nesto.ca/__cypress/runner/cypress_runner.js:120960:66)\n    at Context.then (https://app.qa.nesto.ca/__cypress/runner/cypress_runner.js:121211:21)\n    at wrapped (https://app.qa.nesto.ca/__cypress/runner/cypress_runner.js:141532:19)",
                "diff": null
              },
              "uuid": "66854933-6c6a-40a6-b594-d76b24ca41c4",
              "parentUUID": "26c34567-a249-4d06-bb47-85cf2a75dfc5",
              "isHook": false,
              "skipped": false
            }
          ],
          "suites": [],
          "passes": [
            "24851a14-a7f7-405a-9464-40e2ebe58949",
            "2acd1f78-c4fe-4002-984b-9618165faaa9",
            "9f0480d7-f0c2-4736-a867-d9f30dc45e65"
          ],
          "failures": [
            "66854933-6c6a-40a6-b594-d76b24ca41c4"
          ],
          "pending": [],
          "skipped": [],
          "duration": 14380,
          "root": false,
          "rootEmpty": false,
          "_timeout": 2000
        }
      ],
      "passes": [],
      "failures": [],
      "pending": [],
      "skipped": [],
      "duration": 0,
      "root": true,
      "rootEmpty": true,
      "_timeout": 2000
    }
  ],
  "meta": {
    "mocha": {
      "version": "7.2.0"
    },
    "mochawesome": {
      "options": {
        "quiet": true,
        "reportFilename": "mochawesome",
        "saveHtml": true,
        "saveJson": true,
        "consoleReporter": "spec",
        "useInlineDiffs": false,
        "code": true
      },
      "version": "7.1.3"
    },
    "marge": {
      "options": {
        "reportDir": "cypress/reports/mochawesome",
        "overwrite": false,
        "html": true,
        "json": true,
        "quiet": true,
        "timestamp": "mmddyyyy_HHMMss",
        "inlineAssets": true
      },
      "version": "6.2.0"
    }
  }
}