{
  "stats": {
    "suites": 1,
    "tests": 8,
    "passes": 6,
    "pending": 0,
    "failures": 2,
    "start": "2025-07-06T23:07:46.521Z",
    "end": "2025-07-06T23:08:30.176Z",
    "duration": 43655,
    "testsRegistered": 8,
    "passPercent": 75,
    "pendingPercent": 0,
    "other": 0,
    "hasOther": false,
    "skipped": 0,
    "hasSkipped": false
  },
  "results": [
    {
      "uuid": "7f7e6235-892e-4c6a-a45e-b6fa2d9e2c1c",
      "title": "",
      "fullFile": "cypress/e2e/login.spec.ts",
      "file": "cypress/e2e/login.spec.ts",
      "beforeHooks": [],
      "afterHooks": [],
      "tests": [],
      "suites": [
        {
          "uuid": "226d345f-59e5-4334-8cf5-524ba54ca3e9",
          "title": "Login Page UI Tests",
          "fullFile": "",
          "file": "",
          "beforeHooks": [],
          "afterHooks": [],
          "tests": [
            {
              "title": "TC01: Loads the login page with all required fields",
              "fullTitle": "Login Page UI Tests TC01: Loads the login page with all required fields",
              "timedOut": null,
              "duration": 1046,
              "state": "passed",
              "speed": "fast",
              "pass": true,
              "fail": false,
              "pending": false,
              "context": null,
              "code": "cy.url().should('include', '/login');\nloginPage.email().should('be.visible');\nloginPage.password().should('be.visible');\nloginPage.submitBtn().should('be.visible');",
              "err": {},
              "uuid": "ba85a8c3-e875-4521-b3c7-1be7dba90e00",
              "parentUUID": "226d345f-59e5-4334-8cf5-524ba54ca3e9",
              "isHook": false,
              "skipped": false
            },
            {
              "title": "TC02: Shows validation errors when submitting empty form",
              "fullTitle": "Login Page UI Tests TC02: Shows validation errors when submitting empty form",
              "timedOut": null,
              "duration": 1329,
              "state": "passed",
              "speed": "fast",
              "pass": true,
              "fail": false,
              "pending": false,
              "context": null,
              "code": "loginPage.submitBtn().click();\nloginPage.formErrorEmail().should('contain', 'Required');\nloginPage.formErrorPassword().should('contain', 'Required');",
              "err": {},
              "uuid": "f3457974-53b6-442e-87dd-f1fc67cbfd48",
              "parentUUID": "226d345f-59e5-4334-8cf5-524ba54ca3e9",
              "isHook": false,
              "skipped": false
            },
            {
              "title": "TC03: Displays error on invalid credentials",
              "fullTitle": "Login Page UI Tests TC03: Displays error on invalid credentials",
              "timedOut": null,
              "duration": 1391,
              "state": "passed",
              "speed": "fast",
              "pass": true,
              "fail": false,
              "pending": false,
              "context": null,
              "code": "cy.intercept('POST', '/api/account/tokens').as('getToken');\nloginPage.email().clear().type('invalid@example.com');\nloginPage.password().clear().type('wrongpassword');\nloginPage.submitBtn().click();\ncy.wait('@getToken');\nloginPage.toastErrorTitle().should('be.visible');\nloginPage.verifyErrorMessage();",
              "err": {},
              "uuid": "2c53d55b-f62c-4e02-b40e-6c6435fe3d06",
              "parentUUID": "226d345f-59e5-4334-8cf5-524ba54ca3e9",
              "isHook": false,
              "skipped": false
            },
            {
              "title": "TC04: Logs in with signed up user",
              "fullTitle": "Login Page UI Tests TC04: Logs in with signed up user",
              "timedOut": null,
              "duration": 10377,
              "state": "failed",
              "speed": null,
              "pass": false,
              "fail": true,
              "pending": false,
              "context": null,
              "code": "cy.fixture('user-template').then((template) => {\n    const user = (0, utils_1.generateUniqueUser)(template);\n    cy.signupViaAPI(user).then((resp) => {\n        expect(resp.status).to.eq(201);\n    });\n    loginPage.email().clear().type(user.email);\n    loginPage.password().clear().type(user.email);\n    loginPage.submitBtn().click();\n    cy.url().should('not.include', '/login');\n    appSelectionPage.mortgage().should('be.visible');\n    appSelectionPage.renewal().should('be.visible');\n    appSelectionPage.refinance().should('be.visible');\n});",
              "err": {
                "message": "AssertionError: Timed out retrying after 8000ms: expected 'https://app.qa.nesto.ca/login' to not include '/login'",
                "estack": "AssertionError: Timed out retrying after 8000ms: expected 'https://app.qa.nesto.ca/login' to not include '/login'\n    at Context.eval (webpack:///./cypress/e2e/login.spec.ts:52:15)\n    at getRet (https://app.qa.nesto.ca/__cypress/runner/cypress_runner.js:120949:20)\n    at tryCatcher (https://app.qa.nesto.ca/__cypress/runner/cypress_runner.js:1777:23)\n    at Promise.attempt.Promise.try (https://app.qa.nesto.ca/__cypress/runner/cypress_runner.js:4285:29)\n    at Context.thenFn (https://app.qa.nesto.ca/__cypress/runner/cypress_runner.js:120960:66)\n    at Context.then (https://app.qa.nesto.ca/__cypress/runner/cypress_runner.js:121211:21)\n    at wrapped (https://app.qa.nesto.ca/__cypress/runner/cypress_runner.js:141532:19)",
                "diff": null
              },
              "uuid": "27ee312b-e49b-4798-abb6-b291f8b92059",
              "parentUUID": "226d345f-59e5-4334-8cf5-524ba54ca3e9",
              "isHook": false,
              "skipped": false
            },
            {
              "title": "TC05: Logs in successfully with valid credentials",
              "fullTitle": "Login Page UI Tests TC05: Logs in successfully with valid credentials",
              "timedOut": null,
              "duration": 1765,
              "state": "passed",
              "speed": "fast",
              "pass": true,
              "fail": false,
              "pending": false,
              "context": null,
              "code": "const username = Cypress.env('username');\nconst password = Cypress.env('password');\nif (!username || !password) {\n    throw new Error('Missing Cypress environment variables: username or password');\n}\nloginPage.email().clear().type(username);\nloginPage.password().clear().type(password);\nloginPage.submitBtn().click();\ncy.url().should('not.include', '/login');\nappSelectionPage.mortgage().should('be.visible');\nappSelectionPage.renewal().should('be.visible');\nappSelectionPage.refinance().should('be.visible');",
              "err": {},
              "uuid": "caa78260-3cf9-4133-9f54-fbba1fb985a7",
              "parentUUID": "226d345f-59e5-4334-8cf5-524ba54ca3e9",
              "isHook": false,
              "skipped": false
            },
            {
              "title": "TC06: Should not allow script injection in email field",
              "fullTitle": "Login Page UI Tests TC06: Should not allow script injection in email field",
              "timedOut": null,
              "duration": 1315,
              "state": "passed",
              "speed": "fast",
              "pass": true,
              "fail": false,
              "pending": false,
              "context": null,
              "code": "loginPage.email().clear().type(maliciousScript);\nloginPage.password().clear().type('SomePassword123');\nloginPage.submitBtn().click();\nloginPage.formErrorEmail().should('contain', 'Invalid email address');",
              "err": {},
              "uuid": "caad14bc-57bf-41bd-8df9-61a9fa52895f",
              "parentUUID": "226d345f-59e5-4334-8cf5-524ba54ca3e9",
              "isHook": false,
              "skipped": false
            },
            {
              "title": "TC07: Should not allow script injection in password field",
              "fullTitle": "Login Page UI Tests TC07: Should not allow script injection in password field",
              "timedOut": null,
              "duration": 1491,
              "state": "failed",
              "speed": null,
              "pass": false,
              "fail": true,
              "pending": false,
              "context": null,
              "code": "cy.get('input[name=\"email\"]').type('testuser@yopmail.com');\ncy.get('input[name=\"password\"]').type(maliciousScript);\ncy.get('button[type=\"submit\"]').click();\nloginPage.formErrorPassword().should('contain', 'Invalid password'); // bug: password is taking script",
              "err": {
                "message": "CypressError: `cy.click()` can only be called on a single element. Your subject contained 2 elements. Pass `{ multiple: true }` if you want to serially click each element.\n\nhttps://on.cypress.io/click",
                "estack": "CypressError: `cy.click()` can only be called on a single element. Your subject contained 2 elements. Pass `{ multiple: true }` if you want to serially click each element.\n\nhttps://on.cypress.io/click\n    at mouseAction (https://app.qa.nesto.ca/__cypress/runner/cypress_runner.js:113980:68)\n    at Context.click (https://app.qa.nesto.ca/__cypress/runner/cypress_runner.js:114147:14)\n    at wrapped (https://app.qa.nesto.ca/__cypress/runner/cypress_runner.js:141532:19)\nFrom Your Spec Code:\n    at Context.eval (webpack:///./cypress/e2e/login.spec.ts:86:36)",
                "diff": null
              },
              "uuid": "3b9b3896-bf14-4c16-8f96-88eab0dd7b56",
              "parentUUID": "226d345f-59e5-4334-8cf5-524ba54ca3e9",
              "isHook": false,
              "skipped": false
            },
            {
              "title": "TC08: Should navigate to forgot password page",
              "fullTitle": "Login Page UI Tests TC08: Should navigate to forgot password page",
              "timedOut": null,
              "duration": 1137,
              "state": "passed",
              "speed": "fast",
              "pass": true,
              "fail": false,
              "pending": false,
              "context": null,
              "code": "loginPage.forgotPassword();\ncy.url().should('include', '/forgot');\nforgotPasswordPage.emailInput().should('be.visible');\nforgotPasswordPage.returnBtn().should('be.visible');\nforgotPasswordPage.sendBtn().should('be.visible');\nforgotPasswordPage.forgotPasswordConfirmation().should('not.exist');\nforgotPasswordPage.enterEmail('abc@example.com');\nforgotPasswordPage.sendResetLink();\nforgotPasswordPage.verifyConfirmationMessage();\nforgotPasswordPage.returnToLogin();\ncy.url().should('include', '/login');",
              "err": {},
              "uuid": "01b2ca0f-5920-4562-85c7-7e8ff1c4283b",
              "parentUUID": "226d345f-59e5-4334-8cf5-524ba54ca3e9",
              "isHook": false,
              "skipped": false
            }
          ],
          "suites": [],
          "passes": [
            "ba85a8c3-e875-4521-b3c7-1be7dba90e00",
            "f3457974-53b6-442e-87dd-f1fc67cbfd48",
            "2c53d55b-f62c-4e02-b40e-6c6435fe3d06",
            "caa78260-3cf9-4133-9f54-fbba1fb985a7",
            "caad14bc-57bf-41bd-8df9-61a9fa52895f",
            "01b2ca0f-5920-4562-85c7-7e8ff1c4283b"
          ],
          "failures": [
            "27ee312b-e49b-4798-abb6-b291f8b92059",
            "3b9b3896-bf14-4c16-8f96-88eab0dd7b56"
          ],
          "pending": [],
          "skipped": [],
          "duration": 19851,
          "root": false,
          "rootEmpty": false,
          "_timeout": 2000
        }
      ],
      "passes": [],
      "failures": [],
      "pending": [],
      "skipped": [],
      "duration": 0,
      "root": true,
      "rootEmpty": true,
      "_timeout": 2000
    }
  ],
  "meta": {
    "mocha": {
      "version": "7.2.0"
    },
    "mochawesome": {
      "options": {
        "quiet": true,
        "reportFilename": "mochawesome",
        "saveHtml": true,
        "saveJson": true,
        "consoleReporter": "spec",
        "useInlineDiffs": false,
        "code": true
      },
      "version": "7.1.3"
    },
    "marge": {
      "options": {
        "reportDir": "cypress/reports/mochawesome",
        "overwrite": false,
        "html": true,
        "json": true,
        "quiet": true,
        "timestamp": "mmddyyyy_HHMMss",
        "inlineAssets": true
      },
      "version": "6.2.0"
    }
  }
}