{
  "stats": {
    "suites": 1,
    "tests": 2,
    "passes": 1,
    "pending": 0,
    "failures": 1,
    "start": "2025-07-06T19:20:27.756Z",
    "end": "2025-07-06T19:20:28.569Z",
    "duration": 813,
    "testsRegistered": 2,
    "passPercent": 50,
    "pendingPercent": 0,
    "other": 0,
    "hasOther": false,
    "skipped": 0,
    "hasSkipped": false
  },
  "results": [
    {
      "uuid": "eebc673d-f18a-429d-b6cc-d0bcb2532fa8",
      "title": "",
      "fullFile": "cypress/api/api.login.spec.ts",
      "file": "cypress/api/api.login.spec.ts",
      "beforeHooks": [],
      "afterHooks": [],
      "tests": [],
      "suites": [
        {
          "uuid": "20af5be8-d3f4-41bf-8d14-55787b4796f6",
          "title": "Login Tests",
          "fullFile": "",
          "file": "",
          "beforeHooks": [],
          "afterHooks": [],
          "tests": [
            {
              "title": "login with valid user",
              "fullTitle": "Login Tests login with valid user",
              "timedOut": null,
              "duration": 197,
              "state": "failed",
              "speed": null,
              "pass": false,
              "fail": true,
              "pending": false,
              "context": null,
              "code": "const username = Cypress.env('username');\nconst password = Cypress.env('password');\nexpect(username, \"username is defined\").to.eq('testuser_nesto_example@yopmail.com');\nexpect(password, \"password is defined\").to.eq('ASDFQWER@1234');\nif (!username || !password) {\n    throw new Error('Missing Cypress environment variables: username or password');\n}\ncy.loginViaAPI(username, password).then((resp) => {\n    expect(resp.status).to.eq(201);\n    expect(resp.body.account).to.have.property('email').and.contain(username);\n    expect(resp.body.account).to.have.property('id');\n});",
              "err": {
                "message": "AssertionError: username is defined: expected 'test@yopmail.com' to equal 'testuser_nesto_example@yopmail.com'",
                "estack": "AssertionError: username is defined: expected 'test@yopmail.com' to equal 'testuser_nesto_example@yopmail.com'\n    at Context.eval (webpack:///./cypress/api/api.login.spec.ts:6:47)",
                "diff": "- 'test@yopmail.com'\n+ 'testuser_nesto_example@yopmail.com'\n"
              },
              "uuid": "c831d833-e0ee-4a40-a5b1-637bad7df8d2",
              "parentUUID": "20af5be8-d3f4-41bf-8d14-55787b4796f6",
              "isHook": false,
              "skipped": false
            },
            {
              "title": "fails when logging in with invalid users",
              "fullTitle": "Login Tests fails when logging in with invalid users",
              "timedOut": null,
              "duration": 86,
              "state": "passed",
              "speed": "fast",
              "pass": true,
              "fail": false,
              "pending": false,
              "context": null,
              "code": "cy.fixture('login-credentials').then((users) => {\n    cy.loginViaAPI(users.invalidUser.email, users.invalidUser.password).then((resp) => {\n        expect(resp.status).to.eq(400);\n        expect(resp.body.error).to.include('invalid credentials');\n    });\n});",
              "err": {},
              "uuid": "3d383e65-e9d8-433f-b949-e1e2b29e1dae",
              "parentUUID": "20af5be8-d3f4-41bf-8d14-55787b4796f6",
              "isHook": false,
              "skipped": false
            }
          ],
          "suites": [],
          "passes": [
            "3d383e65-e9d8-433f-b949-e1e2b29e1dae"
          ],
          "failures": [
            "c831d833-e0ee-4a40-a5b1-637bad7df8d2"
          ],
          "pending": [],
          "skipped": [],
          "duration": 283,
          "root": false,
          "rootEmpty": false,
          "_timeout": 2000
        }
      ],
      "passes": [],
      "failures": [],
      "pending": [],
      "skipped": [],
      "duration": 0,
      "root": true,
      "rootEmpty": true,
      "_timeout": 2000
    }
  ],
  "meta": {
    "mocha": {
      "version": "7.2.0"
    },
    "mochawesome": {
      "options": {
        "quiet": true,
        "reportFilename": "mochawesome",
        "saveHtml": true,
        "saveJson": true,
        "consoleReporter": "spec",
        "useInlineDiffs": false,
        "code": true
      },
      "version": "7.1.3"
    },
    "marge": {
      "options": {
        "reportDir": "cypress/reports/mochawesome",
        "overwrite": false,
        "html": true,
        "json": true,
        "quiet": true,
        "timestamp": "mmddyyyy_HHMMss",
        "inlineAssets": true
      },
      "version": "6.2.0"
    }
  }
}