{
  "stats": {
    "suites": 1,
    "tests": 2,
    "passes": 2,
    "pending": 0,
    "failures": 0,
    "start": "2025-07-06T23:14:08.405Z",
    "end": "2025-07-06T23:14:08.856Z",
    "duration": 451,
    "testsRegistered": 2,
    "passPercent": 100,
    "pendingPercent": 0,
    "other": 0,
    "hasOther": false,
    "skipped": 0,
    "hasSkipped": false
  },
  "results": [
    {
      "uuid": "3886ec5b-d7d1-4b5d-b04a-0fab1c52868e",
      "title": "",
      "fullFile": "cypress/api/api.login.spec.ts",
      "file": "cypress/api/api.login.spec.ts",
      "beforeHooks": [],
      "afterHooks": [],
      "tests": [],
      "suites": [
        {
          "uuid": "eb29a51e-08da-44f4-b7a5-f2a5e46ff731",
          "title": "Login API Tests",
          "fullFile": "",
          "file": "",
          "beforeHooks": [],
          "afterHooks": [],
          "tests": [
            {
              "title": "TC01: Login with valid user",
              "fullTitle": "Login API Tests TC01: Login with valid user",
              "timedOut": null,
              "duration": 367,
              "state": "passed",
              "speed": "fast",
              "pass": true,
              "fail": false,
              "pending": false,
              "context": null,
              "code": "const username = Cypress.env('username');\nconst password = Cypress.env('password');\nif (!username || !password) {\n    throw new Error('Missing Cypress environment variables: username or password');\n}\ncy.loginViaAPI(username, password).then((resp) => {\n    expect(resp.status).to.eq(201);\n    expect(resp.body.account).to.have.property('email').and.contain(username);\n    expect(resp.body.account).to.have.property('id');\n});",
              "err": {},
              "uuid": "9a4e480e-8cb9-4bb8-b995-e986a1c3ea50",
              "parentUUID": "eb29a51e-08da-44f4-b7a5-f2a5e46ff731",
              "isHook": false,
              "skipped": false
            },
            {
              "title": "TC02: Fails when logging in with invalid users",
              "fullTitle": "Login API Tests TC02: Fails when logging in with invalid users",
              "timedOut": null,
              "duration": 68,
              "state": "passed",
              "speed": "fast",
              "pass": true,
              "fail": false,
              "pending": false,
              "context": null,
              "code": "cy.fixture('login-credentials').then((users) => {\n    cy.loginViaAPI(users.invalidUser.email, users.invalidUser.password).then((resp) => {\n        expect(resp.status).to.eq(400);\n        expect(resp.body.error).to.include('invalid credentials');\n    });\n});",
              "err": {},
              "uuid": "539d483e-1983-47c1-a6bf-7725c50545e7",
              "parentUUID": "eb29a51e-08da-44f4-b7a5-f2a5e46ff731",
              "isHook": false,
              "skipped": false
            }
          ],
          "suites": [],
          "passes": [
            "9a4e480e-8cb9-4bb8-b995-e986a1c3ea50",
            "539d483e-1983-47c1-a6bf-7725c50545e7"
          ],
          "failures": [],
          "pending": [],
          "skipped": [],
          "duration": 435,
          "root": false,
          "rootEmpty": false,
          "_timeout": 2000
        }
      ],
      "passes": [],
      "failures": [],
      "pending": [],
      "skipped": [],
      "duration": 0,
      "root": true,
      "rootEmpty": true,
      "_timeout": 2000
    }
  ],
  "meta": {
    "mocha": {
      "version": "7.2.0"
    },
    "mochawesome": {
      "options": {
        "quiet": true,
        "reportFilename": "mochawesome",
        "saveHtml": true,
        "saveJson": true,
        "consoleReporter": "spec",
        "useInlineDiffs": false,
        "code": true
      },
      "version": "7.1.3"
    },
    "marge": {
      "options": {
        "reportDir": "cypress/reports/mochawesome",
        "overwrite": false,
        "html": true,
        "json": true,
        "quiet": true,
        "timestamp": "mmddyyyy_HHMMss",
        "inlineAssets": true
      },
      "version": "6.2.0"
    }
  }
}