{
  "stats": {
    "suites": 1,
    "tests": 2,
    "passes": 2,
    "pending": 0,
    "failures": 0,
    "start": "2025-07-06T23:24:02.432Z",
    "end": "2025-07-06T23:24:02.787Z",
    "duration": 355,
    "testsRegistered": 2,
    "passPercent": 100,
    "pendingPercent": 0,
    "other": 0,
    "hasOther": false,
    "skipped": 0,
    "hasSkipped": false
  },
  "results": [
    {
      "uuid": "488dfd64-855b-46b1-9fea-29bf92738eb1",
      "title": "",
      "fullFile": "cypress/api/api.login.spec.ts",
      "file": "cypress/api/api.login.spec.ts",
      "beforeHooks": [],
      "afterHooks": [],
      "tests": [],
      "suites": [
        {
          "uuid": "f1b3c619-24f0-473d-b419-424d99dbaecb",
          "title": "Login API Tests",
          "fullFile": "",
          "file": "",
          "beforeHooks": [],
          "afterHooks": [],
          "tests": [
            {
              "title": "TC01: Login with valid user",
              "fullTitle": "Login API Tests TC01: Login with valid user",
              "timedOut": null,
              "duration": 270,
              "state": "passed",
              "speed": "fast",
              "pass": true,
              "fail": false,
              "pending": false,
              "context": null,
              "code": "const username = Cypress.env('username');\nconst password = Cypress.env('password');\nif (!username || !password) {\n    throw new Error('Missing Cypress environment variables: username or password');\n}\ncy.loginViaAPI(username, password).then((resp) => {\n    expect(resp.status).to.eq(201);\n    expect(resp.body.account).to.have.property('email').and.contain(username);\n    expect(resp.body.account).to.have.property('id');\n});",
              "err": {},
              "uuid": "e08e394f-8d8d-4099-8b2c-cd06e4e7ec37",
              "parentUUID": "f1b3c619-24f0-473d-b419-424d99dbaecb",
              "isHook": false,
              "skipped": false
            },
            {
              "title": "TC02: Fails when logging in with invalid users",
              "fullTitle": "Login API Tests TC02: Fails when logging in with invalid users",
              "timedOut": null,
              "duration": 72,
              "state": "passed",
              "speed": "fast",
              "pass": true,
              "fail": false,
              "pending": false,
              "context": null,
              "code": "cy.fixture('login-credentials').then((users) => {\n    cy.loginViaAPI(users.invalidUser.email, users.invalidUser.password).then((resp) => {\n        expect(resp.status).to.eq(400);\n        expect(resp.body.error).to.include('invalid credentials');\n    });\n});",
              "err": {},
              "uuid": "b1edde24-80b3-4121-bb14-dc9012d02d2f",
              "parentUUID": "f1b3c619-24f0-473d-b419-424d99dbaecb",
              "isHook": false,
              "skipped": false
            }
          ],
          "suites": [],
          "passes": [
            "e08e394f-8d8d-4099-8b2c-cd06e4e7ec37",
            "b1edde24-80b3-4121-bb14-dc9012d02d2f"
          ],
          "failures": [],
          "pending": [],
          "skipped": [],
          "duration": 342,
          "root": false,
          "rootEmpty": false,
          "_timeout": 2000
        }
      ],
      "passes": [],
      "failures": [],
      "pending": [],
      "skipped": [],
      "duration": 0,
      "root": true,
      "rootEmpty": true,
      "_timeout": 2000
    }
  ],
  "meta": {
    "mocha": {
      "version": "7.2.0"
    },
    "mochawesome": {
      "options": {
        "quiet": true,
        "reportFilename": "mochawesome",
        "saveHtml": true,
        "saveJson": true,
        "consoleReporter": "spec",
        "useInlineDiffs": false,
        "code": true
      },
      "version": "7.1.3"
    },
    "marge": {
      "options": {
        "reportDir": "cypress/reports/mochawesome",
        "overwrite": false,
        "html": true,
        "json": true,
        "quiet": true,
        "timestamp": "mmddyyyy_HHMMss",
        "inlineAssets": true
      },
      "version": "6.2.0"
    }
  }
}