{
  "stats": {
    "suites": 1,
    "tests": 2,
    "passes": 2,
    "pending": 0,
    "failures": 0,
    "start": "2025-07-06T23:24:04.783Z",
    "end": "2025-07-06T23:24:05.014Z",
    "duration": 231,
    "testsRegistered": 2,
    "passPercent": 100,
    "pendingPercent": 0,
    "other": 0,
    "hasOther": false,
    "skipped": 0,
    "hasSkipped": false
  },
  "results": [
    {
      "uuid": "2a0b284b-aa17-4c8f-98ac-ea3cd3f8b3f1",
      "title": "",
      "fullFile": "cypress/api/api.signup.spec.ts",
      "file": "cypress/api/api.signup.spec.ts",
      "beforeHooks": [],
      "afterHooks": [],
      "tests": [],
      "suites": [
        {
          "uuid": "9c51437b-9030-4856-a41b-41a5edd14cd9",
          "title": "User Signup API Tests",
          "fullFile": "",
          "file": "",
          "beforeHooks": [],
          "afterHooks": [],
          "tests": [
            {
              "title": "TC01: Signs up a unique user",
              "fullTitle": "User Signup API Tests TC01: Signs up a unique user",
              "timedOut": null,
              "duration": 165,
              "state": "passed",
              "speed": "fast",
              "pass": true,
              "fail": false,
              "pending": false,
              "context": null,
              "code": "expect(user, \"user test data is defined\").to.not.be.undefined;\ncy.signupViaAPI(user).then((resp) => {\n    expect(resp.status).to.eq(201);\n    expect(resp.body.account).to.have.property('email').and.contain(user.email);\n    expect(resp.body.account).to.have.property('firstName').and.contain(user.firstName);\n    expect(resp.body.account).to.have.property('lastName').and.contain(user.lastName);\n    expect(resp.body.account).to.have.property('id');\n});",
              "err": {},
              "uuid": "047c842f-98b0-4594-9916-3f13a6c1a9ae",
              "parentUUID": "9c51437b-9030-4856-a41b-41a5edd14cd9",
              "isHook": false,
              "skipped": false
            },
            {
              "title": "TC02: Sign up fails when signing up same user again",
              "fullTitle": "User Signup API Tests TC02: Sign up fails when signing up same user again",
              "timedOut": null,
              "duration": 48,
              "state": "passed",
              "speed": "fast",
              "pass": true,
              "fail": false,
              "pending": false,
              "context": null,
              "code": "expect(user, \"user test data is defined\").to.not.be.undefined;\ncy.signupViaAPI(user).then((resp) => {\n    expect(resp.status).to.eq(409);\n    expect(resp.body.error).to.include('duplicate entity');\n});",
              "err": {},
              "uuid": "a522497f-89df-4b18-bd51-71f2fabc6f9a",
              "parentUUID": "9c51437b-9030-4856-a41b-41a5edd14cd9",
              "isHook": false,
              "skipped": false
            }
          ],
          "suites": [],
          "passes": [
            "047c842f-98b0-4594-9916-3f13a6c1a9ae",
            "a522497f-89df-4b18-bd51-71f2fabc6f9a"
          ],
          "failures": [],
          "pending": [],
          "skipped": [],
          "duration": 213,
          "root": false,
          "rootEmpty": false,
          "_timeout": 2000
        }
      ],
      "passes": [],
      "failures": [],
      "pending": [],
      "skipped": [],
      "duration": 0,
      "root": true,
      "rootEmpty": true,
      "_timeout": 2000
    }
  ],
  "meta": {
    "mocha": {
      "version": "7.2.0"
    },
    "mochawesome": {
      "options": {
        "quiet": true,
        "reportFilename": "mochawesome",
        "saveHtml": true,
        "saveJson": true,
        "consoleReporter": "spec",
        "useInlineDiffs": false,
        "code": true
      },
      "version": "7.1.3"
    },
    "marge": {
      "options": {
        "reportDir": "cypress/reports/mochawesome",
        "overwrite": false,
        "html": true,
        "json": true,
        "quiet": true,
        "timestamp": "mmddyyyy_HHMMss",
        "inlineAssets": true
      },
      "version": "6.2.0"
    }
  }
}