{
  "stats": {
    "suites": 1,
    "tests": 2,
    "passes": 2,
    "pending": 0,
    "failures": 0,
    "start": "2025-07-07T00:07:51.494Z",
    "end": "2025-07-07T00:07:51.895Z",
    "duration": 401,
    "testsRegistered": 2,
    "passPercent": 100,
    "pendingPercent": 0,
    "other": 0,
    "hasOther": false,
    "skipped": 0,
    "hasSkipped": false
  },
  "results": [
    {
      "uuid": "4e36df90-5be3-46bc-ba94-c91a3df9ec51",
      "title": "",
      "fullFile": "cypress/api/api.login.spec.ts",
      "file": "cypress/api/api.login.spec.ts",
      "beforeHooks": [],
      "afterHooks": [],
      "tests": [],
      "suites": [
        {
          "uuid": "a1477320-f7c5-4566-9010-ba5067f4bbd2",
          "title": "Login API Tests",
          "fullFile": "",
          "file": "",
          "beforeHooks": [],
          "afterHooks": [],
          "tests": [
            {
              "title": "TC01: Login with valid user",
              "fullTitle": "Login API Tests TC01: Login with valid user",
              "timedOut": null,
              "duration": 329,
              "state": "passed",
              "speed": "fast",
              "pass": true,
              "fail": false,
              "pending": false,
              "context": null,
              "code": "const username = Cypress.env('username');\nconst password = Cypress.env('password');\nif (!username || !password) {\n    throw new Error('Missing Cypress environment variables: username or password');\n}\ncy.loginViaAPI(username, password).then((resp) => {\n    expect(resp.status).to.eq(201);\n    expect(resp.body.account).to.have.property('email').and.contain(username);\n    expect(resp.body.account).to.have.property('id');\n});",
              "err": {},
              "uuid": "7d3c87f8-daee-49fa-ad2c-f042208e47f9",
              "parentUUID": "a1477320-f7c5-4566-9010-ba5067f4bbd2",
              "isHook": false,
              "skipped": false
            },
            {
              "title": "TC02: Fails when logging in with invalid users",
              "fullTitle": "Login API Tests TC02: Fails when logging in with invalid users",
              "timedOut": null,
              "duration": 54,
              "state": "passed",
              "speed": "fast",
              "pass": true,
              "fail": false,
              "pending": false,
              "context": null,
              "code": "cy.fixture('login-credentials').then((users) => {\n    cy.loginViaAPI(users.invalidUser.email, users.invalidUser.password).then((resp) => {\n        expect(resp.status).to.eq(400);\n        expect(resp.body.error).to.include('invalid credentials');\n    });\n});",
              "err": {},
              "uuid": "6513fa83-b89d-4485-8cb9-f4896bb9eb45",
              "parentUUID": "a1477320-f7c5-4566-9010-ba5067f4bbd2",
              "isHook": false,
              "skipped": false
            }
          ],
          "suites": [],
          "passes": [
            "7d3c87f8-daee-49fa-ad2c-f042208e47f9",
            "6513fa83-b89d-4485-8cb9-f4896bb9eb45"
          ],
          "failures": [],
          "pending": [],
          "skipped": [],
          "duration": 383,
          "root": false,
          "rootEmpty": false,
          "_timeout": 2000
        }
      ],
      "passes": [],
      "failures": [],
      "pending": [],
      "skipped": [],
      "duration": 0,
      "root": true,
      "rootEmpty": true,
      "_timeout": 2000
    }
  ],
  "meta": {
    "mocha": {
      "version": "7.2.0"
    },
    "mochawesome": {
      "options": {
        "quiet": true,
        "reportFilename": "mochawesome",
        "saveHtml": true,
        "saveJson": true,
        "consoleReporter": "spec",
        "useInlineDiffs": false,
        "code": true
      },
      "version": "7.1.3"
    },
    "marge": {
      "options": {
        "reportDir": "cypress/reports/mochawesome",
        "overwrite": false,
        "html": true,
        "json": true,
        "quiet": true,
        "timestamp": "mmddyyyy_HHMMss",
        "inlineAssets": true
      },
      "version": "6.2.0"
    }
  }
}