{
  "stats": {
    "suites": 1,
    "tests": 2,
    "passes": 2,
    "pending": 0,
    "failures": 0,
    "start": "2025-07-06T19:49:27.627Z",
    "end": "2025-07-06T19:49:27.875Z",
    "duration": 248,
    "testsRegistered": 2,
    "passPercent": 100,
    "pendingPercent": 0,
    "other": 0,
    "hasOther": false,
    "skipped": 0,
    "hasSkipped": false
  },
  "results": [
    {
      "uuid": "b9806ad6-924c-4f23-8281-26b7d0cd7014",
      "title": "",
      "fullFile": "cypress/api/api.signup.spec.ts",
      "file": "cypress/api/api.signup.spec.ts",
      "beforeHooks": [],
      "afterHooks": [],
      "tests": [],
      "suites": [
        {
          "uuid": "a995e137-5840-4953-adf4-915cf807f763",
          "title": "Dynamic User Signup Tests",
          "fullFile": "",
          "file": "",
          "beforeHooks": [],
          "afterHooks": [],
          "tests": [
            {
              "title": "signs up a unique user",
              "fullTitle": "Dynamic User Signup Tests signs up a unique user",
              "timedOut": null,
              "duration": 181,
              "state": "passed",
              "speed": "fast",
              "pass": true,
              "fail": false,
              "pending": false,
              "context": null,
              "code": "expect(user, \"user test data is defined\").to.not.be.undefined;\ncy.signupViaAPI(user).then((resp) => {\n    expect(resp.status).to.eq(201);\n    expect(resp.body.account).to.have.property('email').and.contain(user.email);\n    expect(resp.body.account).to.have.property('firstName').and.contain(user.firstName);\n    expect(resp.body.account).to.have.property('lastName').and.contain(user.lastName);\n    expect(resp.body.account).to.have.property('id');\n});",
              "err": {},
              "uuid": "ee0c5eef-5526-4785-872e-1daf37b9edfc",
              "parentUUID": "a995e137-5840-4953-adf4-915cf807f763",
              "isHook": false,
              "skipped": false
            },
            {
              "title": "fails when signing up same user again",
              "fullTitle": "Dynamic User Signup Tests fails when signing up same user again",
              "timedOut": null,
              "duration": 46,
              "state": "passed",
              "speed": "fast",
              "pass": true,
              "fail": false,
              "pending": false,
              "context": null,
              "code": "expect(user, \"user test data is defined\").to.not.be.undefined;\ncy.signupViaAPI(user).then((resp) => {\n    expect(resp.status).to.eq(409);\n    expect(resp.body.error).to.include('duplicate entity');\n});",
              "err": {},
              "uuid": "06abdaf2-1b7e-40a4-bc7f-61525020fd29",
              "parentUUID": "a995e137-5840-4953-adf4-915cf807f763",
              "isHook": false,
              "skipped": false
            }
          ],
          "suites": [],
          "passes": [
            "ee0c5eef-5526-4785-872e-1daf37b9edfc",
            "06abdaf2-1b7e-40a4-bc7f-61525020fd29"
          ],
          "failures": [],
          "pending": [],
          "skipped": [],
          "duration": 227,
          "root": false,
          "rootEmpty": false,
          "_timeout": 2000
        }
      ],
      "passes": [],
      "failures": [],
      "pending": [],
      "skipped": [],
      "duration": 0,
      "root": true,
      "rootEmpty": true,
      "_timeout": 2000
    }
  ],
  "meta": {
    "mocha": {
      "version": "7.2.0"
    },
    "mochawesome": {
      "options": {
        "quiet": true,
        "reportFilename": "mochawesome",
        "saveHtml": true,
        "saveJson": true,
        "consoleReporter": "spec",
        "useInlineDiffs": false,
        "code": true
      },
      "version": "7.1.3"
    },
    "marge": {
      "options": {
        "reportDir": "cypress/reports/mochawesome",
        "overwrite": false,
        "html": true,
        "json": true,
        "quiet": true,
        "timestamp": "mmddyyyy_HHMMss",
        "inlineAssets": true
      },
      "version": "6.2.0"
    }
  }
}