{
  "stats": {
    "suites": 1,
    "tests": 5,
    "passes": 4,
    "pending": 0,
    "failures": 1,
    "start": "2025-07-06T19:49:29.871Z",
    "end": "2025-07-06T19:50:06.395Z",
    "duration": 36524,
    "testsRegistered": 5,
    "passPercent": 80,
    "pendingPercent": 0,
    "other": 0,
    "hasOther": false,
    "skipped": 0,
    "hasSkipped": false
  },
  "results": [
    {
      "uuid": "798b12cc-cf34-47c6-abe9-c410125600e3",
      "title": "",
      "fullFile": "cypress/e2e/login.spec.ts",
      "file": "cypress/e2e/login.spec.ts",
      "beforeHooks": [],
      "afterHooks": [],
      "tests": [],
      "suites": [
        {
          "uuid": "ef370018-300e-4fd2-8fd1-0fcd43ed95cb",
          "title": "Nesto Login Page Tests",
          "fullFile": "",
          "file": "",
          "beforeHooks": [],
          "afterHooks": [],
          "tests": [
            {
              "title": "TC01: Loads the login page with all required fields",
              "fullTitle": "Nesto Login Page Tests TC01: Loads the login page with all required fields",
              "timedOut": null,
              "duration": 921,
              "state": "passed",
              "speed": "fast",
              "pass": true,
              "fail": false,
              "pending": false,
              "context": null,
              "code": "cy.url().should('include', '/login');\nloginPage.email().should('be.visible');\nloginPage.password().should('be.visible');\nloginPage.submitBtn().should('be.visible');",
              "err": {},
              "uuid": "c259a957-5d44-4a57-957d-c7aea0d8861a",
              "parentUUID": "ef370018-300e-4fd2-8fd1-0fcd43ed95cb",
              "isHook": false,
              "skipped": false
            },
            {
              "title": "TC02: Shows validation errors when submitting empty form",
              "fullTitle": "Nesto Login Page Tests TC02: Shows validation errors when submitting empty form",
              "timedOut": null,
              "duration": 743,
              "state": "passed",
              "speed": "fast",
              "pass": true,
              "fail": false,
              "pending": false,
              "context": null,
              "code": "loginPage.submitBtn().click();\nloginPage.formErrorEmail().should('contain', 'Required');\nloginPage.formErrorPassword().should('contain', 'Required');",
              "err": {},
              "uuid": "80b345e0-560b-4f7f-80c8-1f71cd665fe4",
              "parentUUID": "ef370018-300e-4fd2-8fd1-0fcd43ed95cb",
              "isHook": false,
              "skipped": false
            },
            {
              "title": "TC03: Displays error on invalid credentials",
              "fullTitle": "Nesto Login Page Tests TC03: Displays error on invalid credentials",
              "timedOut": null,
              "duration": 1444,
              "state": "passed",
              "speed": "fast",
              "pass": true,
              "fail": false,
              "pending": false,
              "context": null,
              "code": "cy.intercept('POST', '/api/account/tokens').as('getToken');\nloginPage.email().clear().type('invalid@example.com');\nloginPage.password().clear().type('wrongpassword');\nloginPage.submitBtn().click();\ncy.wait('@getToken');\nloginPage.toastErrorTitle().should('be.visible');\nloginPage.verifyErrorMessage();",
              "err": {},
              "uuid": "a1dc9d96-cd23-43c8-b633-d5d35e1e983c",
              "parentUUID": "ef370018-300e-4fd2-8fd1-0fcd43ed95cb",
              "isHook": false,
              "skipped": false
            },
            {
              "title": "TC04: Shows error for invalid email format",
              "fullTitle": "Nesto Login Page Tests TC04: Shows error for invalid email format",
              "timedOut": null,
              "duration": 10562,
              "state": "failed",
              "speed": null,
              "pass": false,
              "fail": true,
              "pending": false,
              "context": null,
              "code": "cy.fixture('user-template').then((template) => {\n    const user = (0, utils_1.generateUniqueUser)(template);\n    cy.signupViaAPI(user).then((resp) => {\n        expect(resp.status).to.eq(201);\n    });\n    loginPage.email().clear().type(user.email);\n    loginPage.password().clear().type(user.email);\n    loginPage.submitBtn().click();\n    cy.url().should('not.include', '/login');\n    appSelectionPage.mortgage().should('be.visible');\n    appSelectionPage.renewal().should('be.visible');\n    appSelectionPage.refinance().should('be.visible');\n});",
              "err": {
                "message": "AssertionError: Timed out retrying after 8000ms: expected 'https://app.qa.nesto.ca/login' to not include '/login'",
                "estack": "AssertionError: Timed out retrying after 8000ms: expected 'https://app.qa.nesto.ca/login' to not include '/login'\n    at Context.eval (webpack:///./cypress/e2e/login.spec.ts:49:15)\n    at getRet (https://app.qa.nesto.ca/__cypress/runner/cypress_runner.js:120949:20)\n    at tryCatcher (https://app.qa.nesto.ca/__cypress/runner/cypress_runner.js:1777:23)\n    at Promise.attempt.Promise.try (https://app.qa.nesto.ca/__cypress/runner/cypress_runner.js:4285:29)\n    at Context.thenFn (https://app.qa.nesto.ca/__cypress/runner/cypress_runner.js:120960:66)\n    at Context.then (https://app.qa.nesto.ca/__cypress/runner/cypress_runner.js:121211:21)\n    at wrapped (https://app.qa.nesto.ca/__cypress/runner/cypress_runner.js:141532:19)",
                "diff": null
              },
              "uuid": "555b8ce9-f3f7-4306-8de6-b899b06f5371",
              "parentUUID": "ef370018-300e-4fd2-8fd1-0fcd43ed95cb",
              "isHook": false,
              "skipped": false
            },
            {
              "title": "logs in successfully with valid credentials",
              "fullTitle": "Nesto Login Page Tests logs in successfully with valid credentials",
              "timedOut": null,
              "duration": 1934,
              "state": "passed",
              "speed": "fast",
              "pass": true,
              "fail": false,
              "pending": false,
              "context": null,
              "code": "const username = Cypress.env('username');\nconst password = Cypress.env('password');\nif (!username || !password) {\n    throw new Error('Missing Cypress environment variables: username or password');\n}\nloginPage.email().clear().type(username);\nloginPage.password().clear().type(password);\nloginPage.submitBtn().click();\ncy.url().should('not.include', '/login');\nappSelectionPage.mortgage().should('be.visible');\nappSelectionPage.renewal().should('be.visible');\nappSelectionPage.refinance().should('be.visible');",
              "err": {},
              "uuid": "6d2fb5cf-4f98-4f12-bda1-624abd33da97",
              "parentUUID": "ef370018-300e-4fd2-8fd1-0fcd43ed95cb",
              "isHook": false,
              "skipped": false
            }
          ],
          "suites": [],
          "passes": [
            "c259a957-5d44-4a57-957d-c7aea0d8861a",
            "80b345e0-560b-4f7f-80c8-1f71cd665fe4",
            "a1dc9d96-cd23-43c8-b633-d5d35e1e983c",
            "6d2fb5cf-4f98-4f12-bda1-624abd33da97"
          ],
          "failures": [
            "555b8ce9-f3f7-4306-8de6-b899b06f5371"
          ],
          "pending": [],
          "skipped": [],
          "duration": 15604,
          "root": false,
          "rootEmpty": false,
          "_timeout": 2000
        }
      ],
      "passes": [],
      "failures": [],
      "pending": [],
      "skipped": [],
      "duration": 0,
      "root": true,
      "rootEmpty": true,
      "_timeout": 2000
    }
  ],
  "meta": {
    "mocha": {
      "version": "7.2.0"
    },
    "mochawesome": {
      "options": {
        "quiet": true,
        "reportFilename": "mochawesome",
        "saveHtml": true,
        "saveJson": true,
        "consoleReporter": "spec",
        "useInlineDiffs": false,
        "code": true
      },
      "version": "7.1.3"
    },
    "marge": {
      "options": {
        "reportDir": "cypress/reports/mochawesome",
        "overwrite": false,
        "html": true,
        "json": true,
        "quiet": true,
        "timestamp": "mmddyyyy_HHMMss",
        "inlineAssets": true
      },
      "version": "6.2.0"
    }
  }
}