{
  "stats": {
    "suites": 1,
    "tests": 2,
    "passes": 2,
    "pending": 0,
    "failures": 0,
    "start": "2025-07-06T23:14:10.868Z",
    "end": "2025-07-06T23:14:11.125Z",
    "duration": 257,
    "testsRegistered": 2,
    "passPercent": 100,
    "pendingPercent": 0,
    "other": 0,
    "hasOther": false,
    "skipped": 0,
    "hasSkipped": false
  },
  "results": [
    {
      "uuid": "76d02326-d2d0-4df2-84af-043c312a1317",
      "title": "",
      "fullFile": "cypress/api/api.signup.spec.ts",
      "file": "cypress/api/api.signup.spec.ts",
      "beforeHooks": [],
      "afterHooks": [],
      "tests": [],
      "suites": [
        {
          "uuid": "693fb08e-e412-4de6-968f-c57613504ba5",
          "title": "User Signup API Tests",
          "fullFile": "",
          "file": "",
          "beforeHooks": [],
          "afterHooks": [],
          "tests": [
            {
              "title": "TC01: Signs up a unique user",
              "fullTitle": "User Signup API Tests TC01: Signs up a unique user",
              "timedOut": null,
              "duration": 190,
              "state": "passed",
              "speed": "fast",
              "pass": true,
              "fail": false,
              "pending": false,
              "context": null,
              "code": "expect(user, \"user test data is defined\").to.not.be.undefined;\ncy.signupViaAPI(user).then((resp) => {\n    expect(resp.status).to.eq(201);\n    expect(resp.body.account).to.have.property('email').and.contain(user.email);\n    expect(resp.body.account).to.have.property('firstName').and.contain(user.firstName);\n    expect(resp.body.account).to.have.property('lastName').and.contain(user.lastName);\n    expect(resp.body.account).to.have.property('id');\n});",
              "err": {},
              "uuid": "3b8940cd-3f69-4409-bc4b-ba871be6c877",
              "parentUUID": "693fb08e-e412-4de6-968f-c57613504ba5",
              "isHook": false,
              "skipped": false
            },
            {
              "title": "TC02: Sign up fails when signing up same user again",
              "fullTitle": "User Signup API Tests TC02: Sign up fails when signing up same user again",
              "timedOut": null,
              "duration": 49,
              "state": "passed",
              "speed": "fast",
              "pass": true,
              "fail": false,
              "pending": false,
              "context": null,
              "code": "expect(user, \"user test data is defined\").to.not.be.undefined;\ncy.signupViaAPI(user).then((resp) => {\n    expect(resp.status).to.eq(409);\n    expect(resp.body.error).to.include('duplicate entity');\n});",
              "err": {},
              "uuid": "674fe1a5-e492-415f-9e1a-8660a52d53d1",
              "parentUUID": "693fb08e-e412-4de6-968f-c57613504ba5",
              "isHook": false,
              "skipped": false
            }
          ],
          "suites": [],
          "passes": [
            "3b8940cd-3f69-4409-bc4b-ba871be6c877",
            "674fe1a5-e492-415f-9e1a-8660a52d53d1"
          ],
          "failures": [],
          "pending": [],
          "skipped": [],
          "duration": 239,
          "root": false,
          "rootEmpty": false,
          "_timeout": 2000
        }
      ],
      "passes": [],
      "failures": [],
      "pending": [],
      "skipped": [],
      "duration": 0,
      "root": true,
      "rootEmpty": true,
      "_timeout": 2000
    }
  ],
  "meta": {
    "mocha": {
      "version": "7.2.0"
    },
    "mochawesome": {
      "options": {
        "quiet": true,
        "reportFilename": "mochawesome",
        "saveHtml": true,
        "saveJson": true,
        "consoleReporter": "spec",
        "useInlineDiffs": false,
        "code": true
      },
      "version": "7.1.3"
    },
    "marge": {
      "options": {
        "reportDir": "cypress/reports/mochawesome",
        "overwrite": false,
        "html": true,
        "json": true,
        "quiet": true,
        "timestamp": "mmddyyyy_HHMMss",
        "inlineAssets": true
      },
      "version": "6.2.0"
    }
  }
}