{
  "stats": {
    "suites": 1,
    "tests": 4,
    "passes": 4,
    "pending": 0,
    "failures": 0,
    "start": "2025-07-06T19:20:33.165Z",
    "end": "2025-07-06T19:20:38.344Z",
    "duration": 5179,
    "testsRegistered": 4,
    "passPercent": 100,
    "pendingPercent": 0,
    "other": 0,
    "hasOther": false,
    "skipped": 0,
    "hasSkipped": false
  },
  "results": [
    {
      "uuid": "e565112b-b162-42f3-a8a4-8a3d6f877d9c",
      "title": "",
      "fullFile": "cypress/e2e/login.spec.ts",
      "file": "cypress/e2e/login.spec.ts",
      "beforeHooks": [],
      "afterHooks": [],
      "tests": [],
      "suites": [
        {
          "uuid": "b7340019-f034-480d-8d9a-20449a87fabe",
          "title": "Nesto Login Page Tests",
          "fullFile": "",
          "file": "",
          "beforeHooks": [],
          "afterHooks": [],
          "tests": [
            {
              "title": "loads the login page with all required fields",
              "fullTitle": "Nesto Login Page Tests loads the login page with all required fields",
              "timedOut": null,
              "duration": 754,
              "state": "passed",
              "speed": "fast",
              "pass": true,
              "fail": false,
              "pending": false,
              "context": null,
              "code": "cy.url().should('include', '/login');\nloginPage.email().should('be.visible');\nloginPage.password().should('be.visible');\nloginPage.submitBtn().should('be.visible');",
              "err": {},
              "uuid": "0f948da4-3ec0-4300-bb5b-1a0322b6e305",
              "parentUUID": "b7340019-f034-480d-8d9a-20449a87fabe",
              "isHook": false,
              "skipped": false
            },
            {
              "title": "shows validation errors when submitting empty form",
              "fullTitle": "Nesto Login Page Tests shows validation errors when submitting empty form",
              "timedOut": null,
              "duration": 1086,
              "state": "passed",
              "speed": "fast",
              "pass": true,
              "fail": false,
              "pending": false,
              "context": null,
              "code": "loginPage.submitBtn().click();\nloginPage.formErrorEmail().should('contain', 'Required');\nloginPage.formErrorPassword().should('contain', 'Required');",
              "err": {},
              "uuid": "26964b70-9bd1-449f-9f51-41cb755ea8e7",
              "parentUUID": "b7340019-f034-480d-8d9a-20449a87fabe",
              "isHook": false,
              "skipped": false
            },
            {
              "title": "displays error on invalid credentials",
              "fullTitle": "Nesto Login Page Tests displays error on invalid credentials",
              "timedOut": null,
              "duration": 1377,
              "state": "passed",
              "speed": "fast",
              "pass": true,
              "fail": false,
              "pending": false,
              "context": null,
              "code": "cy.intercept('POST', '/api/account/tokens').as('getToken');\nloginPage.email().clear().type('invalid@example.com');\nloginPage.password().clear().type('wrongpassword');\nloginPage.submitBtn().click();\ncy.wait('@getToken');\nloginPage.toastErrorTitle().should('be.visible');\nloginPage.verifyErrorMessage();",
              "err": {},
              "uuid": "7bfd7160-1fa9-44dd-91db-057fd46f4279",
              "parentUUID": "b7340019-f034-480d-8d9a-20449a87fabe",
              "isHook": false,
              "skipped": false
            },
            {
              "title": "logs in successfully with valid credentials",
              "fullTitle": "Nesto Login Page Tests logs in successfully with valid credentials",
              "timedOut": null,
              "duration": 1859,
              "state": "passed",
              "speed": "fast",
              "pass": true,
              "fail": false,
              "pending": false,
              "context": null,
              "code": "const username = Cypress.env('username');\nconst password = Cypress.env('password');\nif (!username || !password) {\n    throw new Error('Missing Cypress environment variables: username or password');\n}\nloginPage.email().clear().type(username);\nloginPage.password().clear().type(password);\nloginPage.submitBtn().click();\ncy.url().should('not.include', '/login');\nappSelectionPage.mortgage().should('be.visible');\nappSelectionPage.renewal().should('be.visible');\nappSelectionPage.refinance().should('be.visible');",
              "err": {},
              "uuid": "78007a9f-31f5-450e-8163-527bcd0fcb2b",
              "parentUUID": "b7340019-f034-480d-8d9a-20449a87fabe",
              "isHook": false,
              "skipped": false
            }
          ],
          "suites": [],
          "passes": [
            "0f948da4-3ec0-4300-bb5b-1a0322b6e305",
            "26964b70-9bd1-449f-9f51-41cb755ea8e7",
            "7bfd7160-1fa9-44dd-91db-057fd46f4279",
            "78007a9f-31f5-450e-8163-527bcd0fcb2b"
          ],
          "failures": [],
          "pending": [],
          "skipped": [],
          "duration": 5076,
          "root": false,
          "rootEmpty": false,
          "_timeout": 2000
        }
      ],
      "passes": [],
      "failures": [],
      "pending": [],
      "skipped": [],
      "duration": 0,
      "root": true,
      "rootEmpty": true,
      "_timeout": 2000
    }
  ],
  "meta": {
    "mocha": {
      "version": "7.2.0"
    },
    "mochawesome": {
      "options": {
        "quiet": true,
        "reportFilename": "mochawesome",
        "saveHtml": true,
        "saveJson": true,
        "consoleReporter": "spec",
        "useInlineDiffs": false,
        "code": true
      },
      "version": "7.1.3"
    },
    "marge": {
      "options": {
        "reportDir": "cypress/reports/mochawesome",
        "overwrite": false,
        "html": true,
        "json": true,
        "quiet": true,
        "timestamp": "mmddyyyy_HHMMss",
        "inlineAssets": true
      },
      "version": "6.2.0"
    }
  }
}