{
  "stats": {
    "suites": 1,
    "tests": 8,
    "passes": 6,
    "pending": 0,
    "failures": 2,
    "start": "2025-07-06T23:16:36.345Z",
    "end": "2025-07-06T23:17:43.847Z",
    "duration": 67502,
    "testsRegistered": 8,
    "passPercent": 75,
    "pendingPercent": 0,
    "other": 0,
    "hasOther": false,
    "skipped": 0,
    "hasSkipped": false
  },
  "results": [
    {
      "uuid": "1d6ca2c0-7428-4074-8f87-7953850444b2",
      "title": "",
      "fullFile": "cypress/e2e/login.spec.ts",
      "file": "cypress/e2e/login.spec.ts",
      "beforeHooks": [],
      "afterHooks": [],
      "tests": [],
      "suites": [
        {
          "uuid": "d7dcda70-dc12-4533-934e-660cbbdbcbab",
          "title": "Login Page UI Tests",
          "fullFile": "",
          "file": "",
          "beforeHooks": [],
          "afterHooks": [],
          "tests": [
            {
              "title": "TC01: Loads the login page with all required fields",
              "fullTitle": "Login Page UI Tests TC01: Loads the login page with all required fields",
              "timedOut": null,
              "duration": 738,
              "state": "passed",
              "speed": "fast",
              "pass": true,
              "fail": false,
              "pending": false,
              "context": null,
              "code": "cy.url().should('include', '/login');\nloginPage.email().should('be.visible');\nloginPage.password().should('be.visible');\nloginPage.submitBtn().should('be.visible');",
              "err": {},
              "uuid": "c33297ae-716e-40b4-a175-f2722fc6015b",
              "parentUUID": "d7dcda70-dc12-4533-934e-660cbbdbcbab",
              "isHook": false,
              "skipped": false
            },
            {
              "title": "TC02: Shows validation errors when submitting empty form",
              "fullTitle": "Login Page UI Tests TC02: Shows validation errors when submitting empty form",
              "timedOut": null,
              "duration": 738,
              "state": "passed",
              "speed": "fast",
              "pass": true,
              "fail": false,
              "pending": false,
              "context": null,
              "code": "loginPage.submitBtn().click();\nloginPage.formErrorEmail().should('contain', 'Required');\nloginPage.formErrorPassword().should('contain', 'Required');",
              "err": {},
              "uuid": "7886643d-1b4a-429f-9b4e-5c749c4d8380",
              "parentUUID": "d7dcda70-dc12-4533-934e-660cbbdbcbab",
              "isHook": false,
              "skipped": false
            },
            {
              "title": "TC03: Displays error on invalid credentials",
              "fullTitle": "Login Page UI Tests TC03: Displays error on invalid credentials",
              "timedOut": null,
              "duration": 1386,
              "state": "passed",
              "speed": "fast",
              "pass": true,
              "fail": false,
              "pending": false,
              "context": null,
              "code": "cy.intercept('POST', '/api/account/tokens').as('getToken');\nloginPage.email().clear().type('invalid@example.com');\nloginPage.password().clear().type('wrongpassword');\nloginPage.submitBtn().click();\ncy.wait('@getToken');\nloginPage.toastErrorTitle().should('be.visible');\nloginPage.verifyErrorMessage();",
              "err": {},
              "uuid": "d7790320-7889-41ea-99cf-89fa040d7e36",
              "parentUUID": "d7dcda70-dc12-4533-934e-660cbbdbcbab",
              "isHook": false,
              "skipped": false
            },
            {
              "title": "TC04: Logs in with signed up user",
              "fullTitle": "Login Page UI Tests TC04: Logs in with signed up user",
              "timedOut": null,
              "duration": 10273,
              "state": "failed",
              "speed": null,
              "pass": false,
              "fail": true,
              "pending": false,
              "context": null,
              "code": "cy.fixture('user-template').then((template) => {\n    const user = (0, utils_1.generateUniqueUser)(template);\n    cy.signupViaAPI(user).then((resp) => {\n        expect(resp.status).to.eq(201);\n    });\n    cy.intercept('POST', '/api/account/tokens').as('getToken');\n    loginPage.email().clear().type(user.email);\n    loginPage.password().clear().type(user.email);\n    loginPage.submitBtn().click();\n    cy.wait('@getToken');\n    loginPage.toastErrorTitle().should('not.exist');\n    loginPage.toastErrorMessage().should('not.exist');\n    cy.url().should('not.include', '/login');\n    appSelectionPage.mortgage().should('be.visible');\n    appSelectionPage.renewal().should('be.visible');\n    appSelectionPage.refinance().should('be.visible');\n});",
              "err": {
                "message": "AssertionError: Timed out retrying after 8000ms: Expected <span#toasts_invalidPassword_title.sc-bdnxRM.fzUdiI> not to exist in the DOM, but it was continuously found.",
                "estack": "AssertionError: Timed out retrying after 8000ms: Expected <span#toasts_invalidPassword_title.sc-bdnxRM.fzUdiI> not to exist in the DOM, but it was continuously found.\n    at Context.eval (webpack:///./cypress/e2e/login.spec.ts:54:34)\n    at getRet (https://app.qa.nesto.ca/__cypress/runner/cypress_runner.js:120949:20)\n    at tryCatcher (https://app.qa.nesto.ca/__cypress/runner/cypress_runner.js:1777:23)\n    at Promise.attempt.Promise.try (https://app.qa.nesto.ca/__cypress/runner/cypress_runner.js:4285:29)\n    at Context.thenFn (https://app.qa.nesto.ca/__cypress/runner/cypress_runner.js:120960:66)\n    at Context.then (https://app.qa.nesto.ca/__cypress/runner/cypress_runner.js:121211:21)\n    at wrapped (https://app.qa.nesto.ca/__cypress/runner/cypress_runner.js:141532:19)",
                "diff": null
              },
              "uuid": "783e862e-c2fc-49ff-b01a-d2ec00948862",
              "parentUUID": "d7dcda70-dc12-4533-934e-660cbbdbcbab",
              "isHook": false,
              "skipped": false
            },
            {
              "title": "TC05: Logs in successfully with valid credentials",
              "fullTitle": "Login Page UI Tests TC05: Logs in successfully with valid credentials",
              "timedOut": null,
              "duration": 2054,
              "state": "passed",
              "speed": "fast",
              "pass": true,
              "fail": false,
              "pending": false,
              "context": null,
              "code": "const username = Cypress.env('username');\nconst password = Cypress.env('password');\nif (!username || !password) {\n    throw new Error('Missing Cypress environment variables: username or password');\n}\nloginPage.email().clear().type(username);\nloginPage.password().clear().type(password);\nloginPage.submitBtn().click();\ncy.url().should('not.include', '/login');\nappSelectionPage.mortgage().should('be.visible');\nappSelectionPage.renewal().should('be.visible');\nappSelectionPage.refinance().should('be.visible');",
              "err": {},
              "uuid": "02fb0b60-6102-46e0-bd7c-04179d1584e7",
              "parentUUID": "d7dcda70-dc12-4533-934e-660cbbdbcbab",
              "isHook": false,
              "skipped": false
            },
            {
              "title": "TC06: Should not allow script injection in email field",
              "fullTitle": "Login Page UI Tests TC06: Should not allow script injection in email field",
              "timedOut": null,
              "duration": 1441,
              "state": "passed",
              "speed": "fast",
              "pass": true,
              "fail": false,
              "pending": false,
              "context": null,
              "code": "loginPage.email().clear().type(maliciousScript);\nloginPage.password().clear().type('SomePassword123');\nloginPage.submitBtn().click();\nloginPage.formErrorEmail().should('contain', 'Invalid email address');",
              "err": {},
              "uuid": "bf7b54e3-94ed-4ad2-890e-bcabc95f93fb",
              "parentUUID": "d7dcda70-dc12-4533-934e-660cbbdbcbab",
              "isHook": false,
              "skipped": false
            },
            {
              "title": "TC07: Should not allow script injection in password field",
              "fullTitle": "Login Page UI Tests TC07: Should not allow script injection in password field",
              "timedOut": null,
              "duration": 9609,
              "state": "failed",
              "speed": null,
              "pass": false,
              "fail": true,
              "pending": false,
              "context": null,
              "code": "loginPage.email().clear().type('abc@email.com');\nloginPage.password().clear().type(maliciousScript);\nloginPage.submitBtn().click();\nloginPage.formErrorPassword().should('contain', 'Invalid password'); // bug: password is taking script",
              "err": {
                "message": "AssertionError: Timed out retrying after 8000ms: Expected to find element: `[data-test-id=form-error-password]`, but never found it.",
                "estack": "AssertionError: Timed out retrying after 8000ms: Expected to find element: `[data-test-id=form-error-password]`, but never found it.\n    at Context.eval (webpack:///./cypress/e2e/login.spec.ts:90:34)",
                "diff": null
              },
              "uuid": "ab0fd2d5-3515-4945-9fab-2b6a6b1d73b1",
              "parentUUID": "d7dcda70-dc12-4533-934e-660cbbdbcbab",
              "isHook": false,
              "skipped": false
            },
            {
              "title": "TC08: Should navigate to forgot password page",
              "fullTitle": "Login Page UI Tests TC08: Should navigate to forgot password page",
              "timedOut": null,
              "duration": 1116,
              "state": "passed",
              "speed": "fast",
              "pass": true,
              "fail": false,
              "pending": false,
              "context": null,
              "code": "loginPage.forgotPassword();\ncy.url().should('include', '/forgot');\nforgotPasswordPage.emailInput().should('be.visible');\nforgotPasswordPage.returnBtn().should('be.visible');\nforgotPasswordPage.sendBtn().should('be.visible');\nforgotPasswordPage.forgotPasswordConfirmation().should('not.exist');\nforgotPasswordPage.enterEmail('abc@example.com');\nforgotPasswordPage.sendResetLink();\nforgotPasswordPage.verifyConfirmationMessage();\nforgotPasswordPage.returnToLogin();\ncy.url().should('include', '/login');",
              "err": {},
              "uuid": "24509cad-d534-4df7-be55-fdccc94c57e0",
              "parentUUID": "d7dcda70-dc12-4533-934e-660cbbdbcbab",
              "isHook": false,
              "skipped": false
            }
          ],
          "suites": [],
          "passes": [
            "c33297ae-716e-40b4-a175-f2722fc6015b",
            "7886643d-1b4a-429f-9b4e-5c749c4d8380",
            "d7790320-7889-41ea-99cf-89fa040d7e36",
            "02fb0b60-6102-46e0-bd7c-04179d1584e7",
            "bf7b54e3-94ed-4ad2-890e-bcabc95f93fb",
            "24509cad-d534-4df7-be55-fdccc94c57e0"
          ],
          "failures": [
            "783e862e-c2fc-49ff-b01a-d2ec00948862",
            "ab0fd2d5-3515-4945-9fab-2b6a6b1d73b1"
          ],
          "pending": [],
          "skipped": [],
          "duration": 27355,
          "root": false,
          "rootEmpty": false,
          "_timeout": 2000
        }
      ],
      "passes": [],
      "failures": [],
      "pending": [],
      "skipped": [],
      "duration": 0,
      "root": true,
      "rootEmpty": true,
      "_timeout": 2000
    }
  ],
  "meta": {
    "mocha": {
      "version": "7.2.0"
    },
    "mochawesome": {
      "options": {
        "quiet": true,
        "reportFilename": "mochawesome",
        "saveHtml": true,
        "saveJson": true,
        "consoleReporter": "spec",
        "useInlineDiffs": false,
        "code": true
      },
      "version": "7.1.3"
    },
    "marge": {
      "options": {
        "reportDir": "cypress/reports/mochawesome",
        "overwrite": false,
        "html": true,
        "json": true,
        "quiet": true,
        "timestamp": "mmddyyyy_HHMMss",
        "inlineAssets": true
      },
      "version": "6.2.0"
    }
  }
}