{
  "stats": {
    "suites": 1,
    "tests": 2,
    "passes": 2,
    "pending": 0,
    "failures": 0,
    "start": "2025-07-06T23:07:44.304Z",
    "end": "2025-07-06T23:07:44.545Z",
    "duration": 241,
    "testsRegistered": 2,
    "passPercent": 100,
    "pendingPercent": 0,
    "other": 0,
    "hasOther": false,
    "skipped": 0,
    "hasSkipped": false
  },
  "results": [
    {
      "uuid": "2801279d-7266-4f18-9ceb-885029b05292",
      "title": "",
      "fullFile": "cypress/api/api.signup.spec.ts",
      "file": "cypress/api/api.signup.spec.ts",
      "beforeHooks": [],
      "afterHooks": [],
      "tests": [],
      "suites": [
        {
          "uuid": "d9f6bbf0-d96f-4345-889d-54fa967f02bf",
          "title": "User Signup API Tests",
          "fullFile": "",
          "file": "",
          "beforeHooks": [],
          "afterHooks": [],
          "tests": [
            {
              "title": "TC01: Signs up a unique user",
              "fullTitle": "User Signup API Tests TC01: Signs up a unique user",
              "timedOut": null,
              "duration": 173,
              "state": "passed",
              "speed": "fast",
              "pass": true,
              "fail": false,
              "pending": false,
              "context": null,
              "code": "expect(user, \"user test data is defined\").to.not.be.undefined;\ncy.signupViaAPI(user).then((resp) => {\n    expect(resp.status).to.eq(201);\n    expect(resp.body.account).to.have.property('email').and.contain(user.email);\n    expect(resp.body.account).to.have.property('firstName').and.contain(user.firstName);\n    expect(resp.body.account).to.have.property('lastName').and.contain(user.lastName);\n    expect(resp.body.account).to.have.property('id');\n});",
              "err": {},
              "uuid": "6e2fd42e-5fbe-4f10-93db-99988f093e8d",
              "parentUUID": "d9f6bbf0-d96f-4345-889d-54fa967f02bf",
              "isHook": false,
              "skipped": false
            },
            {
              "title": "TC02: Sign up fails when signing up same user again",
              "fullTitle": "User Signup API Tests TC02: Sign up fails when signing up same user again",
              "timedOut": null,
              "duration": 50,
              "state": "passed",
              "speed": "fast",
              "pass": true,
              "fail": false,
              "pending": false,
              "context": null,
              "code": "expect(user, \"user test data is defined\").to.not.be.undefined;\ncy.signupViaAPI(user).then((resp) => {\n    expect(resp.status).to.eq(409);\n    expect(resp.body.error).to.include('duplicate entity');\n});",
              "err": {},
              "uuid": "7afd43dc-8205-41d2-9351-f7ac2aaebbe2",
              "parentUUID": "d9f6bbf0-d96f-4345-889d-54fa967f02bf",
              "isHook": false,
              "skipped": false
            }
          ],
          "suites": [],
          "passes": [
            "6e2fd42e-5fbe-4f10-93db-99988f093e8d",
            "7afd43dc-8205-41d2-9351-f7ac2aaebbe2"
          ],
          "failures": [],
          "pending": [],
          "skipped": [],
          "duration": 223,
          "root": false,
          "rootEmpty": false,
          "_timeout": 2000
        }
      ],
      "passes": [],
      "failures": [],
      "pending": [],
      "skipped": [],
      "duration": 0,
      "root": true,
      "rootEmpty": true,
      "_timeout": 2000
    }
  ],
  "meta": {
    "mocha": {
      "version": "7.2.0"
    },
    "mochawesome": {
      "options": {
        "quiet": true,
        "reportFilename": "mochawesome",
        "saveHtml": true,
        "saveJson": true,
        "consoleReporter": "spec",
        "useInlineDiffs": false,
        "code": true
      },
      "version": "7.1.3"
    },
    "marge": {
      "options": {
        "reportDir": "cypress/reports/mochawesome",
        "overwrite": false,
        "html": true,
        "json": true,
        "quiet": true,
        "timestamp": "mmddyyyy_HHMMss",
        "inlineAssets": true
      },
      "version": "6.2.0"
    }
  }
}