{
  "stats": {
    "suites": 1,
    "tests": 2,
    "passes": 1,
    "pending": 0,
    "failures": 1,
    "start": "2025-07-06T19:13:15.924Z",
    "end": "2025-07-06T19:13:17.883Z",
    "duration": 1959,
    "testsRegistered": 2,
    "passPercent": 50,
    "pendingPercent": 0,
    "other": 0,
    "hasOther": false,
    "skipped": 0,
    "hasSkipped": false
  },
  "results": [
    {
      "uuid": "c0a1f6f3-5364-47ec-9c29-b9311aa6d3c6",
      "title": "",
      "fullFile": "cypress/api/api.login.spec.ts",
      "file": "cypress/api/api.login.spec.ts",
      "beforeHooks": [],
      "afterHooks": [],
      "tests": [],
      "suites": [
        {
          "uuid": "03254cd7-8c1f-4517-aaf0-3f8111e6fe9a",
          "title": "Login Tests",
          "fullFile": "",
          "file": "",
          "beforeHooks": [],
          "afterHooks": [],
          "tests": [
            {
              "title": "login with valid user",
              "fullTitle": "Login Tests login with valid user",
              "timedOut": null,
              "duration": 608,
              "state": "failed",
              "speed": null,
              "pass": false,
              "fail": true,
              "pending": false,
              "context": null,
              "code": "const username = Cypress.env('username');\nconst password = Cypress.env('password');\nif (!username || !password) {\n    throw new Error('Missing Cypress environment variables: username or password');\n}\ncy.loginViaAPI(username, password).then((resp) => {\n    expect(resp.status).to.eq(201);\n    expect(resp.body.account).to.have.property('email').and.contain(username);\n    expect(resp.body.account).to.have.property('id');\n});",
              "err": {
                "message": "AssertionError: expected 400 to equal 201",
                "estack": "AssertionError: expected 400 to equal 201\n    at Context.eval (webpack:///./cypress/api/api.login.spec.ts:11:29)\n    at getRet (https://app.qa.nesto.ca/__cypress/runner/cypress_runner.js:120949:20)\n    at tryCatcher (https://app.qa.nesto.ca/__cypress/runner/cypress_runner.js:1777:23)\n    at Promise.attempt.Promise.try (https://app.qa.nesto.ca/__cypress/runner/cypress_runner.js:4285:29)\n    at Context.thenFn (https://app.qa.nesto.ca/__cypress/runner/cypress_runner.js:120960:66)\n    at Context.then (https://app.qa.nesto.ca/__cypress/runner/cypress_runner.js:121211:21)",
                "diff": "- 400\n+ 201\n"
              },
              "uuid": "0404c84e-a65c-4ef8-812a-07878adab063",
              "parentUUID": "03254cd7-8c1f-4517-aaf0-3f8111e6fe9a",
              "isHook": false,
              "skipped": false
            },
            {
              "title": "fails when logging in with invalid users",
              "fullTitle": "Login Tests fails when logging in with invalid users",
              "timedOut": null,
              "duration": 52,
              "state": "passed",
              "speed": "fast",
              "pass": true,
              "fail": false,
              "pending": false,
              "context": null,
              "code": "cy.fixture('login-credentials').then((users) => {\n    cy.loginViaAPI(users.invalidUser.email, users.invalidUser.password).then((resp) => {\n        expect(resp.status).to.eq(400);\n        expect(resp.body.error).to.include('invalid credentials');\n    });\n});",
              "err": {},
              "uuid": "04923ca5-597f-47de-9672-8eacbebabf31",
              "parentUUID": "03254cd7-8c1f-4517-aaf0-3f8111e6fe9a",
              "isHook": false,
              "skipped": false
            }
          ],
          "suites": [],
          "passes": [
            "04923ca5-597f-47de-9672-8eacbebabf31"
          ],
          "failures": [
            "0404c84e-a65c-4ef8-812a-07878adab063"
          ],
          "pending": [],
          "skipped": [],
          "duration": 660,
          "root": false,
          "rootEmpty": false,
          "_timeout": 2000
        }
      ],
      "passes": [],
      "failures": [],
      "pending": [],
      "skipped": [],
      "duration": 0,
      "root": true,
      "rootEmpty": true,
      "_timeout": 2000
    }
  ],
  "meta": {
    "mocha": {
      "version": "7.2.0"
    },
    "mochawesome": {
      "options": {
        "quiet": true,
        "reportFilename": "mochawesome",
        "saveHtml": true,
        "saveJson": true,
        "consoleReporter": "spec",
        "useInlineDiffs": false,
        "code": true
      },
      "version": "7.1.3"
    },
    "marge": {
      "options": {
        "reportDir": "cypress/reports/mochawesome",
        "overwrite": false,
        "html": true,
        "json": true,
        "quiet": true,
        "timestamp": "mmddyyyy_HHMMss",
        "inlineAssets": true
      },
      "version": "6.2.0"
    }
  }
}