{
  "stats": {
    "suites": 1,
    "tests": 4,
    "passes": 3,
    "pending": 0,
    "failures": 1,
    "start": "2025-07-06T19:13:22.634Z",
    "end": "2025-07-06T19:13:54.999Z",
    "duration": 32365,
    "testsRegistered": 4,
    "passPercent": 75,
    "pendingPercent": 0,
    "other": 0,
    "hasOther": false,
    "skipped": 0,
    "hasSkipped": false
  },
  "results": [
    {
      "uuid": "fe5aaf8e-d352-4388-b687-b5afc6f9828a",
      "title": "",
      "fullFile": "cypress/e2e/login.spec.ts",
      "file": "cypress/e2e/login.spec.ts",
      "beforeHooks": [],
      "afterHooks": [],
      "tests": [],
      "suites": [
        {
          "uuid": "30369efc-bd19-4dde-9a39-e061f40f8489",
          "title": "Nesto Login Page Tests",
          "fullFile": "",
          "file": "",
          "beforeHooks": [],
          "afterHooks": [],
          "tests": [
            {
              "title": "loads the login page with all required fields",
              "fullTitle": "Nesto Login Page Tests loads the login page with all required fields",
              "timedOut": null,
              "duration": 761,
              "state": "passed",
              "speed": "fast",
              "pass": true,
              "fail": false,
              "pending": false,
              "context": null,
              "code": "cy.url().should('include', '/login');\nloginPage.email().should('be.visible');\nloginPage.password().should('be.visible');\nloginPage.submitBtn().should('be.visible');",
              "err": {},
              "uuid": "20fd4f68-ca27-4ef7-a017-d4c25ba785c5",
              "parentUUID": "30369efc-bd19-4dde-9a39-e061f40f8489",
              "isHook": false,
              "skipped": false
            },
            {
              "title": "shows validation errors when submitting empty form",
              "fullTitle": "Nesto Login Page Tests shows validation errors when submitting empty form",
              "timedOut": null,
              "duration": 797,
              "state": "passed",
              "speed": "fast",
              "pass": true,
              "fail": false,
              "pending": false,
              "context": null,
              "code": "loginPage.submitBtn().click();\nloginPage.formErrorEmail().should('contain', 'Required');\nloginPage.formErrorPassword().should('contain', 'Required');",
              "err": {},
              "uuid": "d8668a8d-c54c-43a0-a381-b7a874b02ae3",
              "parentUUID": "30369efc-bd19-4dde-9a39-e061f40f8489",
              "isHook": false,
              "skipped": false
            },
            {
              "title": "displays error on invalid credentials",
              "fullTitle": "Nesto Login Page Tests displays error on invalid credentials",
              "timedOut": null,
              "duration": 1437,
              "state": "passed",
              "speed": "fast",
              "pass": true,
              "fail": false,
              "pending": false,
              "context": null,
              "code": "cy.intercept('POST', '/api/account/tokens').as('getToken');\nloginPage.email().clear().type('invalid@example.com');\nloginPage.password().clear().type('wrongpassword');\nloginPage.submitBtn().click();\ncy.wait('@getToken');\nloginPage.toastErrorTitle().should('be.visible');\nloginPage.verifyErrorMessage();",
              "err": {},
              "uuid": "021ee826-9777-4691-b7b8-840ce7b2d721",
              "parentUUID": "30369efc-bd19-4dde-9a39-e061f40f8489",
              "isHook": false,
              "skipped": false
            },
            {
              "title": "logs in successfully with valid credentials",
              "fullTitle": "Nesto Login Page Tests logs in successfully with valid credentials",
              "timedOut": null,
              "duration": 9763,
              "state": "failed",
              "speed": null,
              "pass": false,
              "fail": true,
              "pending": false,
              "context": null,
              "code": "const username = Cypress.env('username');\nconst password = Cypress.env('password');\nif (!username || !password) {\n    throw new Error('Missing Cypress environment variables: username or password');\n}\nloginPage.email().clear().type(username);\nloginPage.password().clear().type(password);\nloginPage.submitBtn().click();\ncy.url().should('not.include', '/login');\nappSelectionPage.mortgage().should('be.visible');\nappSelectionPage.renewal().should('be.visible');\nappSelectionPage.refinance().should('be.visible');",
              "err": {
                "message": "AssertionError: Timed out retrying after 8000ms: expected 'https://app.qa.nesto.ca/login' to not include '/login'",
                "estack": "AssertionError: Timed out retrying after 8000ms: expected 'https://app.qa.nesto.ca/login' to not include '/login'\n    at Context.eval (webpack:///./cypress/e2e/login.spec.ts:49:13)",
                "diff": null
              },
              "uuid": "aa95cd5d-6b50-473e-9896-c2cc9e7d5f6f",
              "parentUUID": "30369efc-bd19-4dde-9a39-e061f40f8489",
              "isHook": false,
              "skipped": false
            }
          ],
          "suites": [],
          "passes": [
            "20fd4f68-ca27-4ef7-a017-d4c25ba785c5",
            "d8668a8d-c54c-43a0-a381-b7a874b02ae3",
            "021ee826-9777-4691-b7b8-840ce7b2d721"
          ],
          "failures": [
            "aa95cd5d-6b50-473e-9896-c2cc9e7d5f6f"
          ],
          "pending": [],
          "skipped": [],
          "duration": 12758,
          "root": false,
          "rootEmpty": false,
          "_timeout": 2000
        }
      ],
      "passes": [],
      "failures": [],
      "pending": [],
      "skipped": [],
      "duration": 0,
      "root": true,
      "rootEmpty": true,
      "_timeout": 2000
    }
  ],
  "meta": {
    "mocha": {
      "version": "7.2.0"
    },
    "mochawesome": {
      "options": {
        "quiet": true,
        "reportFilename": "mochawesome",
        "saveHtml": true,
        "saveJson": true,
        "consoleReporter": "spec",
        "useInlineDiffs": false,
        "code": true
      },
      "version": "7.1.3"
    },
    "marge": {
      "options": {
        "reportDir": "cypress/reports/mochawesome",
        "overwrite": false,
        "html": true,
        "json": true,
        "quiet": true,
        "timestamp": "mmddyyyy_HHMMss",
        "inlineAssets": true
      },
      "version": "6.2.0"
    }
  }
}