{
  "stats": {
    "suites": 1,
    "tests": 8,
    "passes": 6,
    "pending": 0,
    "failures": 2,
    "start": "2025-07-07T00:07:56.181Z",
    "end": "2025-07-07T00:09:03.462Z",
    "duration": 67281,
    "testsRegistered": 8,
    "passPercent": 75,
    "pendingPercent": 0,
    "other": 0,
    "hasOther": false,
    "skipped": 0,
    "hasSkipped": false
  },
  "results": [
    {
      "uuid": "4cba38cc-2c5f-4c41-88b5-52357267a61e",
      "title": "",
      "fullFile": "cypress/e2e/login.spec.ts",
      "file": "cypress/e2e/login.spec.ts",
      "beforeHooks": [],
      "afterHooks": [],
      "tests": [],
      "suites": [
        {
          "uuid": "8a710fe9-48b9-4603-b1d2-177856497656",
          "title": "Login Page UI Tests",
          "fullFile": "",
          "file": "",
          "beforeHooks": [],
          "afterHooks": [],
          "tests": [
            {
              "title": "TC01: Loads the login page with all required fields",
              "fullTitle": "Login Page UI Tests TC01: Loads the login page with all required fields",
              "timedOut": null,
              "duration": 1461,
              "state": "passed",
              "speed": "fast",
              "pass": true,
              "fail": false,
              "pending": false,
              "context": null,
              "code": "cy.url().should('include', '/login');\nloginPage.email().should('be.visible');\nloginPage.password().should('be.visible');\nloginPage.submitBtn().should('be.visible');",
              "err": {},
              "uuid": "1262831a-385b-4b5b-acb5-0bb2ccd3e619",
              "parentUUID": "8a710fe9-48b9-4603-b1d2-177856497656",
              "isHook": false,
              "skipped": false
            },
            {
              "title": "TC02: Shows validation errors when submitting empty form",
              "fullTitle": "Login Page UI Tests TC02: Shows validation errors when submitting empty form",
              "timedOut": null,
              "duration": 959,
              "state": "passed",
              "speed": "fast",
              "pass": true,
              "fail": false,
              "pending": false,
              "context": null,
              "code": "loginPage.submitBtn().click();\nloginPage.formErrorEmail().should('contain', 'Required');\nloginPage.formErrorPassword().should('contain', 'Required');",
              "err": {},
              "uuid": "3884b8da-0673-45f4-8cb0-ec46c2805fd1",
              "parentUUID": "8a710fe9-48b9-4603-b1d2-177856497656",
              "isHook": false,
              "skipped": false
            },
            {
              "title": "TC03: Displays error on invalid credentials",
              "fullTitle": "Login Page UI Tests TC03: Displays error on invalid credentials",
              "timedOut": null,
              "duration": 1362,
              "state": "passed",
              "speed": "fast",
              "pass": true,
              "fail": false,
              "pending": false,
              "context": null,
              "code": "cy.intercept('POST', '/api/account/tokens').as('getToken');\nloginPage.email().clear().type('invalid@example.com');\nloginPage.password().clear().type('wrongpassword');\nloginPage.submitBtn().click();\ncy.wait('@getToken');\nloginPage.toastErrorTitle().should('be.visible');\nloginPage.verifyErrorMessage();",
              "err": {},
              "uuid": "d069f397-10ab-4066-ac8d-59e76141371f",
              "parentUUID": "8a710fe9-48b9-4603-b1d2-177856497656",
              "isHook": false,
              "skipped": false
            },
            {
              "title": "TC04: Logs in with signed up user",
              "fullTitle": "Login Page UI Tests TC04: Logs in with signed up user",
              "timedOut": null,
              "duration": 9977,
              "state": "failed",
              "speed": null,
              "pass": false,
              "fail": true,
              "pending": false,
              "context": null,
              "code": "cy.fixture('user-template').then((template) => {\n    const user = (0, utils_1.generateUniqueUser)(template);\n    cy.signupViaAPI(user).then((resp) => {\n        expect(resp.status).to.eq(201);\n    });\n    cy.intercept('POST', '/api/account/tokens').as('getToken');\n    loginPage.email().clear().type(user.email);\n    loginPage.password().clear().type(user.email);\n    loginPage.submitBtn().click();\n    cy.wait('@getToken');\n    loginPage.toastErrorTitle().should('not.exist');\n    loginPage.toastErrorMessage().should('not.exist');\n    cy.url().should('not.include', '/login');\n    appSelectionPage.mortgage().should('be.visible');\n    appSelectionPage.renewal().should('be.visible');\n    appSelectionPage.refinance().should('be.visible');\n});",
              "err": {
                "message": "AssertionError: Timed out retrying after 8000ms: Expected <span#toasts_invalidPassword_title.sc-bdnxRM.fzUdiI> not to exist in the DOM, but it was continuously found.",
                "estack": "AssertionError: Timed out retrying after 8000ms: Expected <span#toasts_invalidPassword_title.sc-bdnxRM.fzUdiI> not to exist in the DOM, but it was continuously found.\n    at Context.eval (webpack:///./cypress/e2e/login.spec.ts:54:34)\n    at getRet (https://app.qa.nesto.ca/__cypress/runner/cypress_runner.js:120949:20)\n    at tryCatcher (https://app.qa.nesto.ca/__cypress/runner/cypress_runner.js:1777:23)\n    at Promise.attempt.Promise.try (https://app.qa.nesto.ca/__cypress/runner/cypress_runner.js:4285:29)\n    at Context.thenFn (https://app.qa.nesto.ca/__cypress/runner/cypress_runner.js:120960:66)\n    at Context.then (https://app.qa.nesto.ca/__cypress/runner/cypress_runner.js:121211:21)\n    at wrapped (https://app.qa.nesto.ca/__cypress/runner/cypress_runner.js:141532:19)",
                "diff": null
              },
              "uuid": "ef5d41bc-a4ba-4734-ac71-e7e9fab38a02",
              "parentUUID": "8a710fe9-48b9-4603-b1d2-177856497656",
              "isHook": false,
              "skipped": false
            },
            {
              "title": "TC05: Logs in successfully with valid credentials",
              "fullTitle": "Login Page UI Tests TC05: Logs in successfully with valid credentials",
              "timedOut": null,
              "duration": 1927,
              "state": "passed",
              "speed": "fast",
              "pass": true,
              "fail": false,
              "pending": false,
              "context": null,
              "code": "const username = Cypress.env('username');\nconst password = Cypress.env('password');\nif (!username || !password) {\n    throw new Error('Missing Cypress environment variables: username or password');\n}\nloginPage.email().clear().type(username);\nloginPage.password().clear().type(password);\nloginPage.submitBtn().click();\ncy.url().should('not.include', '/login');\nappSelectionPage.mortgage().should('be.visible');\nappSelectionPage.renewal().should('be.visible');\nappSelectionPage.refinance().should('be.visible');",
              "err": {},
              "uuid": "0811e27b-a9f8-45ec-bc45-0a747e51aae2",
              "parentUUID": "8a710fe9-48b9-4603-b1d2-177856497656",
              "isHook": false,
              "skipped": false
            },
            {
              "title": "TC06: Should not allow script injection in email field",
              "fullTitle": "Login Page UI Tests TC06: Should not allow script injection in email field",
              "timedOut": null,
              "duration": 1515,
              "state": "passed",
              "speed": "fast",
              "pass": true,
              "fail": false,
              "pending": false,
              "context": null,
              "code": "loginPage.email().clear().type(maliciousScript);\nloginPage.password().clear().type('SomePassword123');\nloginPage.submitBtn().click();\nloginPage.formErrorEmail().should('contain', 'Invalid email address');",
              "err": {},
              "uuid": "54960fde-2e4f-47e2-9a3d-2d7b0417f456",
              "parentUUID": "8a710fe9-48b9-4603-b1d2-177856497656",
              "isHook": false,
              "skipped": false
            },
            {
              "title": "TC07: Should not allow script injection in password field",
              "fullTitle": "Login Page UI Tests TC07: Should not allow script injection in password field",
              "timedOut": null,
              "duration": 9695,
              "state": "failed",
              "speed": null,
              "pass": false,
              "fail": true,
              "pending": false,
              "context": null,
              "code": "loginPage.email().clear().type('abc@email.com');\nloginPage.password().clear().type(maliciousScript);\nloginPage.submitBtn().click();\nloginPage.formErrorPassword().should('contain', 'Invalid password'); // bug: password is taking script",
              "err": {
                "message": "AssertionError: Timed out retrying after 8000ms: Expected to find element: `[data-test-id=form-error-password]`, but never found it.",
                "estack": "AssertionError: Timed out retrying after 8000ms: Expected to find element: `[data-test-id=form-error-password]`, but never found it.\n    at Context.eval (webpack:///./cypress/e2e/login.spec.ts:90:34)",
                "diff": null
              },
              "uuid": "2e705ac0-c851-4c1b-9f8e-12fb9ba6fe46",
              "parentUUID": "8a710fe9-48b9-4603-b1d2-177856497656",
              "isHook": false,
              "skipped": false
            },
            {
              "title": "TC08: Should navigate to forgot password page",
              "fullTitle": "Login Page UI Tests TC08: Should navigate to forgot password page",
              "timedOut": null,
              "duration": 1188,
              "state": "passed",
              "speed": "fast",
              "pass": true,
              "fail": false,
              "pending": false,
              "context": null,
              "code": "loginPage.forgotPassword();\ncy.url().should('include', '/forgot');\nforgotPasswordPage.emailInput().should('be.visible');\nforgotPasswordPage.returnBtn().should('be.visible');\nforgotPasswordPage.sendBtn().should('be.visible');\nforgotPasswordPage.forgotPasswordConfirmation().should('not.exist');\nforgotPasswordPage.enterEmail('abc@example.com');\nforgotPasswordPage.sendResetLink();\nforgotPasswordPage.verifyConfirmationMessage();\nforgotPasswordPage.returnToLogin();\ncy.url().should('include', '/login');",
              "err": {},
              "uuid": "7cf66119-cff2-41fb-a658-0ced531ee096",
              "parentUUID": "8a710fe9-48b9-4603-b1d2-177856497656",
              "isHook": false,
              "skipped": false
            }
          ],
          "suites": [],
          "passes": [
            "1262831a-385b-4b5b-acb5-0bb2ccd3e619",
            "3884b8da-0673-45f4-8cb0-ec46c2805fd1",
            "d069f397-10ab-4066-ac8d-59e76141371f",
            "0811e27b-a9f8-45ec-bc45-0a747e51aae2",
            "54960fde-2e4f-47e2-9a3d-2d7b0417f456",
            "7cf66119-cff2-41fb-a658-0ced531ee096"
          ],
          "failures": [
            "ef5d41bc-a4ba-4734-ac71-e7e9fab38a02",
            "2e705ac0-c851-4c1b-9f8e-12fb9ba6fe46"
          ],
          "pending": [],
          "skipped": [],
          "duration": 28084,
          "root": false,
          "rootEmpty": false,
          "_timeout": 2000
        }
      ],
      "passes": [],
      "failures": [],
      "pending": [],
      "skipped": [],
      "duration": 0,
      "root": true,
      "rootEmpty": true,
      "_timeout": 2000
    }
  ],
  "meta": {
    "mocha": {
      "version": "7.2.0"
    },
    "mochawesome": {
      "options": {
        "quiet": true,
        "reportFilename": "mochawesome",
        "saveHtml": true,
        "saveJson": true,
        "consoleReporter": "spec",
        "useInlineDiffs": false,
        "code": true
      },
      "version": "7.1.3"
    },
    "marge": {
      "options": {
        "reportDir": "cypress/reports/mochawesome",
        "overwrite": false,
        "html": true,
        "json": true,
        "quiet": true,
        "timestamp": "mmddyyyy_HHMMss",
        "inlineAssets": true
      },
      "version": "6.2.0"
    }
  }
}