{
  "stats": {
    "suites": 1,
    "tests": 8,
    "passes": 8,
    "pending": 0,
    "failures": 0,
    "start": "2025-07-07T03:14:35.375Z",
    "end": "2025-07-07T03:14:53.183Z",
    "duration": 17808,
    "testsRegistered": 8,
    "passPercent": 100,
    "pendingPercent": 0,
    "other": 0,
    "hasOther": false,
    "skipped": 0,
    "hasSkipped": false
  },
  "results": [
    {
      "uuid": "441efe6b-2310-4e12-aa42-41f2fae77376",
      "title": "",
      "fullFile": "cypress/e2e/login.spec.ts",
      "file": "cypress/login.spec.ts",
      "beforeHooks": [],
      "afterHooks": [],
      "tests": [],
      "suites": [
        {
          "uuid": "f0f45381-e7e2-44f1-8e6a-259d477bd704",
          "title": "Login Page UI Tests",
          "fullFile": "",
          "file": "",
          "beforeHooks": [],
          "afterHooks": [],
          "tests": [
            {
              "title": "TC01: Loads the login page with all required fields",
              "fullTitle": "Login Page UI Tests TC01: Loads the login page with all required fields",
              "timedOut": null,
              "duration": 1904,
              "state": "passed",
              "speed": "fast",
              "pass": true,
              "fail": false,
              "pending": false,
              "context": null,
              "code": "cy.url().should('include', '/login');\nloginPage.email().should('be.visible');\nloginPage.password().should('be.visible');\nloginPage.submitBtn().should('be.visible');",
              "err": {},
              "uuid": "a9d4e342-c7f6-4e9d-912d-08fa2a765af1",
              "parentUUID": "f0f45381-e7e2-44f1-8e6a-259d477bd704",
              "isHook": false,
              "skipped": false
            },
            {
              "title": "TC02: Shows validation errors when submitting empty form",
              "fullTitle": "Login Page UI Tests TC02: Shows validation errors when submitting empty form",
              "timedOut": null,
              "duration": 1807,
              "state": "passed",
              "speed": "fast",
              "pass": true,
              "fail": false,
              "pending": false,
              "context": null,
              "code": "loginPage.submitBtn().click();\nloginPage.formErrorEmail().should('contain', 'Required');\nloginPage.formErrorPassword().should('contain', 'Required');",
              "err": {},
              "uuid": "c7b7224c-ede6-4147-a605-db7686e99ce5",
              "parentUUID": "f0f45381-e7e2-44f1-8e6a-259d477bd704",
              "isHook": false,
              "skipped": false
            },
            {
              "title": "TC03: Displays error on invalid credentials",
              "fullTitle": "Login Page UI Tests TC03: Displays error on invalid credentials",
              "timedOut": null,
              "duration": 1424,
              "state": "passed",
              "speed": "fast",
              "pass": true,
              "fail": false,
              "pending": false,
              "context": null,
              "code": "cy.intercept('POST', '/api/account/tokens').as('getToken');\nloginPage.email().clear().type('invalid@example.com');\nloginPage.password().clear().type('wrongpassword');\nloginPage.submitBtn().click();\ncy.wait('@getToken');\nloginPage.toastErrorTitle().should('be.visible');\nloginPage.verifyErrorMessage();",
              "err": {},
              "uuid": "005e01db-c106-44db-96b5-d6c91004561b",
              "parentUUID": "f0f45381-e7e2-44f1-8e6a-259d477bd704",
              "isHook": false,
              "skipped": false
            },
            {
              "title": "TC04: Logs in with signed up user",
              "fullTitle": "Login Page UI Tests TC04: Logs in with signed up user",
              "timedOut": null,
              "duration": 6359,
              "state": "passed",
              "speed": "medium",
              "pass": true,
              "fail": false,
              "pending": false,
              "context": null,
              "code": "cy.fixture('user-template').then((template) => {\n    const user = (0, utils_1.generateUniqueUser)(template);\n    cy.intercept('POST', '**/api/account*').as('createAccount');\n    signupPage.visit();\n    signupPage.fillForm(user);\n    signupPage.submit();\n    cy.wait('@createAccount', { timeout: 10000 }).then((interception) => {\n        var _a;\n        expect((_a = interception.response) === null || _a === void 0 ? void 0 : _a.statusCode).to.eq(201);\n        loginPage.visit();\n        loginPage.email().clear().type(user.email);\n        loginPage.password().clear().type(user.password);\n        loginPage.submitBtn().click();\n        loginPage.toastErrorTitle().should('not.exist');\n        loginPage.toastErrorMessage().should('not.exist');\n        cy.url().should('not.include', '/login');\n        appSelectionPage.mortgage().should('be.visible');\n        appSelectionPage.renewal().should('be.visible');\n        appSelectionPage.refinance().should('be.visible');\n    });\n});",
              "err": {},
              "uuid": "2fc249c2-fc78-482c-ae27-da3d4c2da397",
              "parentUUID": "f0f45381-e7e2-44f1-8e6a-259d477bd704",
              "isHook": false,
              "skipped": false
            },
            {
              "title": "TC05: Logs in successfully with valid credentials",
              "fullTitle": "Login Page UI Tests TC05: Logs in successfully with valid credentials",
              "timedOut": null,
              "duration": 1723,
              "state": "passed",
              "speed": "fast",
              "pass": true,
              "fail": false,
              "pending": false,
              "context": null,
              "code": "const username = Cypress.env('username');\nconst password = Cypress.env('password');\nif (!username || !password) {\n    throw new Error('Missing Cypress environment variables: username or password');\n}\nloginPage.email().clear().type(username);\nloginPage.password().clear().type(password);\nloginPage.submitBtn().click();\ncy.url().should('not.include', '/login');\nappSelectionPage.mortgage().should('be.visible');\nappSelectionPage.renewal().should('be.visible');\nappSelectionPage.refinance().should('be.visible');",
              "err": {},
              "uuid": "e9ad4bc6-1e28-4de7-92d2-8214c76fca81",
              "parentUUID": "f0f45381-e7e2-44f1-8e6a-259d477bd704",
              "isHook": false,
              "skipped": false
            },
            {
              "title": "TC06: Should not allow script injection in email field",
              "fullTitle": "Login Page UI Tests TC06: Should not allow script injection in email field",
              "timedOut": null,
              "duration": 1550,
              "state": "passed",
              "speed": "fast",
              "pass": true,
              "fail": false,
              "pending": false,
              "context": null,
              "code": "loginPage.email().clear().type(maliciousScript);\nloginPage.password().clear().type('SomePassword123');\nloginPage.submitBtn().click();\nloginPage.formErrorEmail().should('contain', 'Invalid email address');",
              "err": {},
              "uuid": "2b8d0481-8c24-4f67-891b-c9c46b77a932",
              "parentUUID": "f0f45381-e7e2-44f1-8e6a-259d477bd704",
              "isHook": false,
              "skipped": false
            },
            {
              "title": "TC07: Should not allow script injection in password field",
              "fullTitle": "Login Page UI Tests TC07: Should not allow script injection in password field",
              "timedOut": null,
              "duration": 1421,
              "state": "passed",
              "speed": "fast",
              "pass": true,
              "fail": false,
              "pending": false,
              "context": null,
              "code": "loginPage.email().clear().type('abc@email.com');\nloginPage.password().clear().type(maliciousScript);\nloginPage.submitBtn().click();\n//loginPage.formErrorPassword().should('contain', 'Invalid password'); // bug: password is taking script",
              "err": {},
              "uuid": "bd0e5253-9d9d-47c4-9297-94f21be8c89c",
              "parentUUID": "f0f45381-e7e2-44f1-8e6a-259d477bd704",
              "isHook": false,
              "skipped": false
            },
            {
              "title": "TC08: Should navigate to forgot password page",
              "fullTitle": "Login Page UI Tests TC08: Should navigate to forgot password page",
              "timedOut": null,
              "duration": 1132,
              "state": "passed",
              "speed": "fast",
              "pass": true,
              "fail": false,
              "pending": false,
              "context": null,
              "code": "loginPage.forgotPassword();\ncy.url().should('include', '/forgot');\nforgotPasswordPage.emailInput().should('be.visible');\nforgotPasswordPage.returnBtn().should('be.visible');\nforgotPasswordPage.sendBtn().should('be.visible');\nforgotPasswordPage.forgotPasswordConfirmation().should('not.exist');\nforgotPasswordPage.enterEmail('abc@example.com');\nforgotPasswordPage.sendResetLink();\nforgotPasswordPage.verifyConfirmationMessage();\nforgotPasswordPage.returnToLogin();\ncy.url().should('include', '/login');",
              "err": {},
              "uuid": "cdd11a0f-8151-47aa-ab0c-bcc255105476",
              "parentUUID": "f0f45381-e7e2-44f1-8e6a-259d477bd704",
              "isHook": false,
              "skipped": false
            }
          ],
          "suites": [],
          "passes": [
            "a9d4e342-c7f6-4e9d-912d-08fa2a765af1",
            "c7b7224c-ede6-4147-a605-db7686e99ce5",
            "005e01db-c106-44db-96b5-d6c91004561b",
            "2fc249c2-fc78-482c-ae27-da3d4c2da397",
            "e9ad4bc6-1e28-4de7-92d2-8214c76fca81",
            "2b8d0481-8c24-4f67-891b-c9c46b77a932",
            "bd0e5253-9d9d-47c4-9297-94f21be8c89c",
            "cdd11a0f-8151-47aa-ab0c-bcc255105476"
          ],
          "failures": [],
          "pending": [],
          "skipped": [],
          "duration": 17320,
          "root": false,
          "rootEmpty": false,
          "_timeout": 2000
        }
      ],
      "passes": [],
      "failures": [],
      "pending": [],
      "skipped": [],
      "duration": 0,
      "root": true,
      "rootEmpty": true,
      "_timeout": 2000
    }
  ],
  "meta": {
    "mocha": {
      "version": "7.2.0"
    },
    "mochawesome": {
      "options": {
        "quiet": true,
        "reportFilename": "mochawesome",
        "saveHtml": true,
        "saveJson": true,
        "consoleReporter": "spec",
        "useInlineDiffs": false,
        "code": true
      },
      "version": "7.1.3"
    },
    "marge": {
      "options": {
        "reportDir": "cypress/reports/mochawesome",
        "overwrite": false,
        "html": true,
        "json": true,
        "quiet": true,
        "timestamp": "mmddyyyy_HHMMss",
        "inlineAssets": true
      },
      "version": "6.2.0"
    }
  }
}