{
  "stats": {
    "suites": 1,
    "tests": 2,
    "passes": 2,
    "pending": 0,
    "failures": 0,
    "start": "2025-07-07T00:07:53.909Z",
    "end": "2025-07-07T00:07:54.181Z",
    "duration": 272,
    "testsRegistered": 2,
    "passPercent": 100,
    "pendingPercent": 0,
    "other": 0,
    "hasOther": false,
    "skipped": 0,
    "hasSkipped": false
  },
  "results": [
    {
      "uuid": "d289ee36-abab-41e2-8405-f4a375264ce0",
      "title": "",
      "fullFile": "cypress/api/api.signup.spec.ts",
      "file": "cypress/api/api.signup.spec.ts",
      "beforeHooks": [],
      "afterHooks": [],
      "tests": [],
      "suites": [
        {
          "uuid": "bd30f747-0f84-4c3b-9bbb-c14790424b0c",
          "title": "User Signup API Tests",
          "fullFile": "",
          "file": "",
          "beforeHooks": [],
          "afterHooks": [],
          "tests": [
            {
              "title": "TC01: Signs up a unique user",
              "fullTitle": "User Signup API Tests TC01: Signs up a unique user",
              "timedOut": null,
              "duration": 212,
              "state": "passed",
              "speed": "fast",
              "pass": true,
              "fail": false,
              "pending": false,
              "context": null,
              "code": "expect(user, \"user test data is defined\").to.not.be.undefined;\ncy.signupViaAPI(user).then((resp) => {\n    expect(resp.status).to.eq(201);\n    expect(resp.body.account).to.have.property('email').and.contain(user.email);\n    expect(resp.body.account).to.have.property('firstName').and.contain(user.firstName);\n    expect(resp.body.account).to.have.property('lastName').and.contain(user.lastName);\n    expect(resp.body.account).to.have.property('id');\n});",
              "err": {},
              "uuid": "fd8493f0-f581-4b53-ac45-121e132dbed4",
              "parentUUID": "bd30f747-0f84-4c3b-9bbb-c14790424b0c",
              "isHook": false,
              "skipped": false
            },
            {
              "title": "TC02: Sign up fails when signing up same user again",
              "fullTitle": "User Signup API Tests TC02: Sign up fails when signing up same user again",
              "timedOut": null,
              "duration": 45,
              "state": "passed",
              "speed": "fast",
              "pass": true,
              "fail": false,
              "pending": false,
              "context": null,
              "code": "expect(user, \"user test data is defined\").to.not.be.undefined;\ncy.signupViaAPI(user).then((resp) => {\n    expect(resp.status).to.eq(409);\n    expect(resp.body.error).to.include('duplicate entity');\n});",
              "err": {},
              "uuid": "3b632ab5-099f-49c0-b0b4-6cfb4d09aa27",
              "parentUUID": "bd30f747-0f84-4c3b-9bbb-c14790424b0c",
              "isHook": false,
              "skipped": false
            }
          ],
          "suites": [],
          "passes": [
            "fd8493f0-f581-4b53-ac45-121e132dbed4",
            "3b632ab5-099f-49c0-b0b4-6cfb4d09aa27"
          ],
          "failures": [],
          "pending": [],
          "skipped": [],
          "duration": 257,
          "root": false,
          "rootEmpty": false,
          "_timeout": 2000
        }
      ],
      "passes": [],
      "failures": [],
      "pending": [],
      "skipped": [],
      "duration": 0,
      "root": true,
      "rootEmpty": true,
      "_timeout": 2000
    }
  ],
  "meta": {
    "mocha": {
      "version": "7.2.0"
    },
    "mochawesome": {
      "options": {
        "quiet": true,
        "reportFilename": "mochawesome",
        "saveHtml": true,
        "saveJson": true,
        "consoleReporter": "spec",
        "useInlineDiffs": false,
        "code": true
      },
      "version": "7.1.3"
    },
    "marge": {
      "options": {
        "reportDir": "cypress/reports/mochawesome",
        "overwrite": false,
        "html": true,
        "json": true,
        "quiet": true,
        "timestamp": "mmddyyyy_HHMMss",
        "inlineAssets": true
      },
      "version": "6.2.0"
    }
  }
}